[09:24:48] [1/594] 2026-ms: SKIPPED
[09:24:48] [2/594] 2026-gold: SKIPPED
[09:24:48] [3/594] 2026-03-pwcc: SKIPPED
[09:24:48] [4/594] 2026-03-pris: SKIPPED
[09:24:48] [5/594] 2026-03-30: SKIPPED
[09:24:48] [6/594] 2026-03-29: SKIPPED
[09:24:48] [7/594] 2026-03-28: SKIPPED
[09:24:48] [8/594] 2026-03-27: SKIPPED
[09:24:48] [9/594] 2026-03-26: SKIPPED
[09:24:48] [10/594] 2026-03-25: SKIPPED
[09:24:48] [11/594] 2026-03-24: SKIPPED
[09:24:48] [12/594] 2026-03-23: SKIPPED
[09:24:48] [13/594] 2026-03-22: SKIPPED
[09:24:48] [14/594] 2026-03-21: SKIPPED
[09:24:48] [15/594] 2026-03-20: SKIPPED
[09:24:48] [16/594] 2026-03-19: SKIPPED
[09:24:48] [17/594] 2026-03-18: SKIPPED
[09:24:48] [18/594] 2026-03-17: SKIPPED
[09:24:48] [19/594] 2026-03-16: SKIPPED
[09:24:48] [20/594] 2026-03-15: SKIPPED
[09:24:48] [21/594] 2026-03-14: SKIPPED
[09:24:48] [22/594] 2026-03-13: SKIPPED
[09:24:48] [23/594] 2026-03-12: SKIPPED
[09:24:48] [24/594] 2026-03-11: SKIPPED
[09:24:48] [25/594] 2026-03-10: SKIPPED
[09:24:48] [26/594] 2026-03-09: SKIPPED
[09:24:48] [27/594] 2026-03-08: SKIPPED
[09:24:48] [28/594] 2026-03-07: SKIPPED
[09:24:48] [29/594] 2026-03-06: SKIPPED
[09:24:48] [30/594] 2026-03-05: SKIPPED
[09:24:48] [31/594] 2026-03-04: SKIPPED
[09:24:48] [32/594] 2026-03-03: SKIPPED
[09:24:48] [33/594] 2026-03-02: SKIPPED
[09:24:48] [34/594] 2026-03-01: SKIPPED
[09:24:48] [35/594] 2026-02-pwcc: SKIPPED
[09:24:48] [36/594] 2026-02-pris: SKIPPED
[09:24:48] [37/594] 2026-02-28: SKIPPED
[09:24:48] [38/594] 2026-02-27: SKIPPED
[09:24:48] [39/594] 2026-02-26: SKIPPED
[09:24:48] [40/594] 2026-02-25: SKIPPED
[09:24:48] [41/594] 2026-02-24: SKIPPED
[09:24:48] [42/594] 2026-02-23: SKIPPED
[09:24:48] [43/594] 2026-02-22: SKIPPED
[09:24:48] [44/594] 2026-02-21: SKIPPED
[09:24:48] [45/594] 2026-02-20: SKIPPED
[09:24:48] [46/594] 2026-02-19: SKIPPED
[09:24:48] [47/594] 2026-02-18: SKIPPED
[09:24:48] [48/594] 2026-02-17: SKIPPED
[09:24:48] [49/594] 2026-02-16: SKIPPED
[09:24:48] [50/594] 2026-02-15: SKIPPED
[09:24:48] [51/594] 2026-02-14: SKIPPED
[09:24:48] [52/594] 2026-02-13: SKIPPED
[09:24:48] [53/594] 2026-02-12: SKIPPED
[09:24:48] [54/594] 2026-02-11: SKIPPED
[09:24:48] [55/594] 2026-02-10: SKIPPED
[09:24:48] [56/594] 2026-02-09: SKIPPED
[09:24:48] [57/594] 2026-02-08: SKIPPED
[09:24:48] [58/594] 2026-02-07: SKIPPED
[09:24:48] [59/594] 2026-02-06: SKIPPED
[09:24:48] [60/594] 2026-02-05: SKIPPED
[09:24:48] [61/594] 2026-02-04: SKIPPED
[09:24:48] [62/594] 2026-02-02: SKIPPED
[09:24:48] [63/594] 2026-02-01: SKIPPED
[09:24:48] [64/594] 2026-01-pwcc: SKIPPED
[09:24:48] [65/594] 2026-01-pris: SKIPPED
[09:24:48] [66/594] 2026-01-31: SKIPPED
[09:24:48] [67/594] 2026-01-30: SKIPPED
[09:24:48] [68/594] 2026-01-29: SKIPPED
[09:24:48] [69/594] 2026-01-28: SKIPPED
[09:24:48] [70/594] 2026-01-27: SKIPPED
[09:24:48] [71/594] 2026-01-26: SKIPPED
[09:24:48] [72/594] 2026-01-25: SKIPPED
[09:24:48] [73/594] 2026-01-24: SKIPPED
[09:24:48] [74/594] 2026-01-23: SKIPPED
[09:24:48] [75/594] 2026-01-22: SKIPPED
[09:24:48] [76/594] 2026-01-21: SKIPPED
[09:24:48] [77/594] 2026-01-20: SKIPPED
[09:24:48] [78/594] 2026-01-19: SKIPPED
[09:24:48] [79/594] 2026-01-18: SKIPPED
[09:24:48] [80/594] 2026-01-17: SKIPPED
[09:24:48] [81/594] 2026-01-16: SKIPPED
[09:24:48] [82/594] 2026-01-14: SKIPPED
[09:24:48] [83/594] 2026-01-13: SKIPPED
[09:24:48] [84/594] 2026-01-12: SKIPPED
[09:24:48] [85/594] 2026-01-11: SKIPPED
[09:24:48] [86/594] 2026-01-10: SKIPPED
[09:24:48] [87/594] 2026-01-09: SKIPPED
[09:24:48] [88/594] 2026-01-08: SKIPPED
[09:24:48] [89/594] 2026-01-06: SKIPPED
[09:24:48] [90/594] 2026-01-05: SKIPPED
[09:24:48] [91/594] 2026-01-04: SKIPPED
[09:24:48] [92/594] 2026-01-03: SKIPPED
[09:24:48] [93/594] 2026-01-02: SKIPPED
[09:24:48] [94/594] 2026-01-01: SKIPPED
[09:24:48] [95/594] 2025-gold: SKIPPED
[09:24:48] [96/594] 2025-12-pwcc: SKIPPED
[09:24:48] [97/594] 2025-12-pris: SKIPPED
[09:24:48] [98/594] 2025-12-31: SKIPPED
[09:24:48] [99/594] 2025-12-30: SKIPPED
[09:24:48] [100/594] 2025-12-29: SKIPPED
[09:24:48] [101/594] 2025-12-28: SKIPPED
[09:24:48] [102/594] 2025-12-27: SKIPPED
[09:24:48] [103/594] 2025-12-26: SKIPPED
[09:24:48] [104/594] 2025-12-25: SKIPPED
[09:24:48] [105/594] 2025-12-24: SKIPPED
[09:24:48] [106/594] 2025-12-23: SKIPPED
[09:24:48] [107/594] 2025-12-22: SKIPPED
[09:24:48] [108/594] 2025-12-21: SKIPPED
[09:24:48] [109/594] 2025-12-20: SKIPPED
[09:24:48] [110/594] 2025-12-19: SKIPPED
[09:24:48] [111/594] 2025-12-18: SKIPPED
[09:24:48] [112/594] 2025-12-17: SKIPPED
[09:24:48] [113/594] 2025-12-16: SKIPPED
[09:24:48] [114/594] 2025-12-15: SKIPPED
[09:24:48] [115/594] 2025-12-14: SKIPPED
[09:24:48] [116/594] 2025-12-13: SKIPPED
[09:24:48] [117/594] 2025-12-12: SKIPPED
[09:24:48] [118/594] 2025-12-11: SKIPPED
[09:24:48] [119/594] 2025-12-10: SKIPPED
[09:24:48] [120/594] 2025-12-09: SKIPPED
[09:24:48] [121/594] 2025-12-08: SKIPPED
[09:24:48] [122/594] 2025-12-07: SKIPPED
[09:24:48] [123/594] 2025-12-06: SKIPPED
[09:24:48] [124/594] 2025-12-05: SKIPPED
[09:24:48] [125/594] 2025-12-04: SKIPPED
[09:24:48] [126/594] 2025-12-03: SKIPPED
[09:24:48] [127/594] 2025-12-02: SKIPPED
[09:24:48] [128/594] 2025-12-01: SKIPPED
[09:24:48] [129/594] 2025-11-pwcc: SKIPPED
[09:24:48] [130/594] 2025-11-pris: SKIPPED
[09:24:48] [131/594] 2025-11-30: SKIPPED
[09:24:48] [132/594] 2025-11-29: SKIPPED
[09:24:48] [133/594] 2025-11-28: SKIPPED
[09:24:49] [134/594] 2025-11-27: SKIPPED
[09:24:49] [135/594] 2025-11-26: SKIPPED
[09:24:49] [136/594] 2025-11-25: SKIPPED
[09:24:49] [137/594] 2025-11-24: SKIPPED
[09:24:49] [138/594] 2025-11-23: SKIPPED
[09:24:49] [139/594] 2025-11-22: SKIPPED
[09:24:49] [140/594] 2025-11-21: SKIPPED
[09:24:49] [141/594] 2025-11-20: SKIPPED
[09:24:49] [142/594] 2025-11-19: SKIPPED
[09:24:49] [143/594] 2025-11-18: SKIPPED
[09:24:49] [144/594] 2025-11-17: SKIPPED
[09:24:49] [145/594] 2025-11-16: SKIPPED
[09:24:49] [146/594] 2025-11-15: SKIPPED
[09:24:49] [147/594] 2025-11-14: SKIPPED
[09:24:49] [148/594] 2025-11-13: SKIPPED
[09:24:49] [149/594] 2025-11-12: SKIPPED
[09:24:49] [150/594] 2025-11-11: SKIPPED
[09:24:49] [151/594] 2025-11-10: SKIPPED
[09:24:49] [152/594] 2025-11-09: SKIPPED
[09:24:49] [153/594] 2025-11-08: SKIPPED
[09:24:49] [154/594] 2025-11-07: SKIPPED
[09:24:49] [155/594] 2025-11-06: SKIPPED
[09:24:49] [156/594] 2025-11-05: SKIPPED
[09:24:49] [157/594] 2025-11-04: SKIPPED
[09:24:49] [158/594] 2025-11-03: SKIPPED
[09:24:49] [159/594] 2025-11-02: SKIPPED
[09:24:49] [160/594] 2025-11-01: SKIPPED
[09:24:49] [161/594] 2025-10-pwcc: SKIPPED
[09:24:49] [162/594] 2025-10-pris: SKIPPED
[09:24:49] [163/594] 2025-10-31: SKIPPED
[09:24:49] [164/594] 2025-10-30: SKIPPED
[09:24:49] [165/594] 2025-10-29: SKIPPED
[09:24:49] [166/594] 2025-10-28: SKIPPED
[09:24:49] [167/594] 2025-10-27: SKIPPED
[09:24:49] [168/594] 2025-10-26: SKIPPED
[09:24:49] [169/594] 2025-10-25: SKIPPED
[09:24:49] [170/594] 2025-10-24: SKIPPED
[09:24:49] [171/594] 2025-10-23: SKIPPED
[09:24:49] [172/594] 2025-10-22: SKIPPED
[09:24:49] [173/594] 2025-10-21: SKIPPED
[09:24:49] [174/594] 2025-10-20: SKIPPED
[09:24:49] [175/594] 2025-10-19: SKIPPED
[09:24:49] [176/594] 2025-10-18: SKIPPED
[09:24:49] [177/594] 2025-10-17: SKIPPED
[09:24:49] [178/594] 2025-10-16: SKIPPED
[09:24:49] [179/594] 2025-10-15: SKIPPED
[09:24:49] [180/594] 2025-10-14: SKIPPED
[09:24:49] [181/594] 2025-10-13: SKIPPED
[09:24:49] [182/594] 2025-10-12: SKIPPED
[09:24:49] [183/594] 2025-10-11: SKIPPED
[09:24:49] [184/594] 2025-10-10: SKIPPED
[09:24:49] [185/594] 2025-10-09: SKIPPED
[09:24:49] [186/594] 2025-10-08: SKIPPED
[09:24:49] [187/594] 2025-10-07: SKIPPED
[09:24:49] [188/594] 2025-10-06: SKIPPED
[09:24:49] [189/594] 2025-10-05: SKIPPED
[09:24:49] [190/594] 2025-10-04: SKIPPED
[09:24:49] [191/594] 2025-10-03: SKIPPED
[09:24:49] [192/594] 2025-10-02: SKIPPED
[09:24:49] [193/594] 2025-10-01: SKIPPED
[09:24:49] [194/594] 2025-09-pwcc: SKIPPED
[09:24:49] [195/594] 2025-09-pris: SKIPPED
[09:24:49] [196/594] 2025-09-30: SKIPPED
[09:24:49] [197/594] 2025-09-29: SKIPPED
[09:24:49] [198/594] 2025-09-28: SKIPPED
[09:24:49] [199/594] 2025-09-27: SKIPPED
[09:24:49] [200/594] 2025-09-26: SKIPPED
[09:24:49] [201/594] 2025-09-25: SKIPPED
[09:24:49] [202/594] 2025-09-24: SKIPPED
[09:24:49] [203/594] 2025-09-23: SKIPPED
[09:24:49] [204/594] 2025-09-22: SKIPPED
[09:24:49] [205/594] 2025-09-21: SKIPPED
[09:24:49] [206/594] 2025-09-20: SKIPPED
[09:24:49] [207/594] 2025-09-19: SKIPPED
[09:24:49] [208/594] 2025-09-18: SKIPPED
[09:24:49] [209/594] 2025-09-17: SKIPPED
[09:24:49] [210/594] 2025-09-16: SKIPPED
[09:24:49] [211/594] 2025-09-15: SKIPPED
[09:24:49] [212/594] 2025-09-14: SKIPPED
[09:24:49] [213/594] 2025-09-13: SKIPPED
[09:24:49] [214/594] 2025-09-12: SKIPPED
[09:24:49] [215/594] 2025-09-11: SKIPPED
[09:24:49] [216/594] 2025-09-10: SKIPPED
[09:24:49] [217/594] 2025-09-09: SKIPPED
[09:24:49] [218/594] 2025-09-08: SKIPPED
[09:24:49] [219/594] 2025-09-07: SKIPPED
[09:24:49] [220/594] 2025-09-06: SKIPPED
[09:24:49] [221/594] 2025-09-05: SKIPPED
[09:24:49] [222/594] 2025-09-04: SKIPPED
[09:24:49] [223/594] 2025-09-03: SKIPPED
[09:24:49] [224/594] 2025-09-02: SKIPPED
[09:24:49] [225/594] 2025-09-01: starting merge...
[09:26:09] [225/594] 2025-09-01: done (2 segments)
[09:26:09] [226/594] 2025-08-pwcc: starting merge...
[09:27:07] [226/594] 2025-08-pwcc: done (1 segments)
[09:27:07] [227/594] 2025-08-pris: starting merge...
[09:28:11] [227/594] 2025-08-pris: done (1 segments)
[09:28:11] [228/594] 2025-08-31: starting merge...
[09:29:52] [228/594] 2025-08-31: still merging (3 active)...
[09:31:07] [228/594] 2025-08-31: still merging (3 active)...
[09:31:33] [228/594] 2025-08-31: done (2 segments)
[09:31:33] [229/594] 2025-08-30: starting merge...
[09:33:13] [229/594] 2025-08-30: still merging (3 active)...
[09:34:29] [229/594] 2025-08-30: still merging (1 active)...
[09:34:36] [229/594] 2025-08-30: done (1 segments)
[09:34:36] [230/594] 2025-08-29: starting merge...
[09:36:16] [230/594] 2025-08-29: still merging (3 active)...
[09:37:31] [230/594] 2025-08-29: still merging (3 active)...
[09:38:22] [230/594] 2025-08-29: done (1 segments)
[09:38:22] [231/594] 2025-08-28: starting merge...
[09:40:03] [231/594] 2025-08-28: still merging (3 active)...
[09:41:19] [231/594] 2025-08-28: still merging (3 active)...
[09:42:04] [231/594] 2025-08-28: done (3 segments)
[09:42:04] [232/594] 2025-08-27: starting merge...
[09:43:45] [232/594] 2025-08-27: still merging (3 active)...
[09:45:01] [232/594] 2025-08-27: still merging (3 active)...
[09:45:46] [232/594] 2025-08-27: done (2 segments)
[09:45:46] [233/594] 2025-08-26: starting merge...
[09:47:26] [233/594] 2025-08-26: still merging (3 active)...
[09:48:42] [233/594] 2025-08-26: still merging (3 active)...
[09:49:41] [233/594] 2025-08-26: done (2 segments)
[09:49:41] [234/594] 2025-08-25: starting merge...
[09:51:24] [234/594] 2025-08-25: still merging (3 active)...
[09:52:39] [234/594] 2025-08-25: still merging (3 active)...
[09:53:54] [234/594] 2025-08-25: still merging (1 active)...
[09:54:08] [234/594] 2025-08-25: done (1 segments)
[09:54:08] [235/594] 2025-08-24: starting merge...
[09:55:48] [235/594] 2025-08-24: still merging (3 active)...
[09:57:04] [235/594] 2025-08-24: still merging (3 active)...
[09:57:56] [235/594] 2025-08-24: done (2 segments)
[09:57:56] [236/594] 2025-08-23: starting merge...
[09:59:40] [236/594] 2025-08-23: still merging (3 active)...
[10:01:02] [236/594] 2025-08-23: done (1 segments)
[10:01:02] [237/594] 2025-08-22: starting merge...
[10:02:45] [237/594] 2025-08-22: still merging (3 active)...
[10:04:03] [237/594] 2025-08-22: still merging (3 active)...
[10:04:36] [237/594] 2025-08-22: done (1 segments)
[10:04:36] [238/594] 2025-08-21: starting merge...
[10:06:18] [238/594] 2025-08-21: still merging (3 active)...
[10:07:33] [238/594] 2025-08-21: still merging (3 active)...
[10:08:07] [238/594] 2025-08-21: done (1 segments)
[10:08:07] [239/594] 2025-08-20: starting merge...
[10:09:47] [239/594] 2025-08-20: still merging (3 active)...
[10:11:03] [239/594] 2025-08-20: still merging (3 active)...
[10:11:42] [239/594] 2025-08-20: done (2 segments)
[10:11:42] [240/594] 2025-08-19: starting merge...
[10:13:23] [240/594] 2025-08-19: still merging (3 active)...
[10:14:48] [240/594] 2025-08-19: still merging (3 active)...
[10:15:28] [240/594] 2025-08-19: done (2 segments)
[10:15:28] [241/594] 2025-08-18: starting merge...
[10:17:09] [241/594] 2025-08-18: still merging (3 active)...
[10:18:25] [241/594] 2025-08-18: still merging (3 active)...
[10:19:40] [241/594] 2025-08-18: still merging (2 active)...
[10:20:07] [241/594] 2025-08-18: done (2 segments)
[10:20:07] [242/594] 2025-08-17: starting merge...
[10:21:47] [242/594] 2025-08-17: still merging (3 active)...
[10:23:03] [242/594] 2025-08-17: still merging (3 active)...
[10:24:20] [242/594] 2025-08-17: done (2 segments)
[10:24:20] [243/594] 2025-08-16: starting merge...
[10:26:00] [243/594] 2025-08-16: still merging (3 active)...
[10:27:17] [243/594] 2025-08-16: still merging (1 active)...
[10:27:25] [243/594] 2025-08-16: done (1 segments)
[10:27:25] [244/594] 2025-08-15: starting merge...
[10:29:06] [244/594] 2025-08-15: still merging (3 active)...
[10:30:21] [244/594] 2025-08-15: still merging (3 active)...
[10:31:19] [244/594] 2025-08-15: done (2 segments)
[10:31:19] [245/594] 2025-08-14: starting merge...
[10:33:00] [245/594] 2025-08-14: still merging (3 active)...
[10:34:15] [245/594] 2025-08-14: still merging (3 active)...
[10:35:32] [245/594] 2025-08-14: done (2 segments)
[10:35:32] [246/594] 2025-08-13: starting merge...
[10:37:12] [246/594] 2025-08-13: still merging (3 active)...
[10:38:29] [246/594] 2025-08-13: still merging (3 active)...
[10:39:08] [246/594] 2025-08-13: done (1 segments)
[10:39:08] [247/594] 2025-08-12: starting merge...
[10:40:48] [247/594] 2025-08-12: still merging (3 active)...
[10:42:04] [247/594] 2025-08-12: still merging (3 active)...
[10:42:49] [247/594] 2025-08-12: done (1 segments)
[10:42:49] [248/594] 2025-08-11: starting merge...
[10:44:31] [248/594] 2025-08-11: still merging (3 active)...
[10:45:47] [248/594] 2025-08-11: still merging (3 active)...
[10:46:26] [248/594] 2025-08-11: done (2 segments)
[10:46:26] [249/594] 2025-08-10: starting merge...
[10:48:07] [249/594] 2025-08-10: still merging (3 active)...
[10:49:23] [249/594] 2025-08-10: still merging (2 active)...
[10:49:44] [249/594] 2025-08-10: done (1 segments)
[10:49:44] [250/594] 2025-08-09: starting merge...
[10:51:25] [250/594] 2025-08-09: still merging (3 active)...
[10:52:41] [250/594] 2025-08-09: still merging (3 active)...
[10:53:08] [250/594] 2025-08-09: done (2 segments)
[10:53:08] [251/594] 2025-08-08: starting merge...
[10:54:49] [251/594] 2025-08-08: still merging (3 active)...
[10:55:54] [251/594] 2025-08-08: done (2 segments)
[10:55:54] [252/594] 2025-08-07: starting merge...
[10:57:35] [252/594] 2025-08-07: still merging (3 active)...
[10:58:52] [252/594] 2025-08-07: still merging (3 active)...
[10:59:31] [252/594] 2025-08-07: done (2 segments)
[10:59:31] [253/594] 2025-08-06: starting merge...
[11:01:12] [253/594] 2025-08-06: still merging (3 active)...
[11:02:29] [253/594] 2025-08-06: still merging (3 active)...
[11:03:08] [253/594] 2025-08-06: done (1 segments)
[11:03:08] [254/594] 2025-08-05: starting merge...
[11:04:50] [254/594] 2025-08-05: still merging (2 active)...
[11:05:05] [254/594] 2025-08-05: done (1 segments)
[11:05:05] [255/594] 2025-08-04: starting merge...
[11:05:22] [255/594] 2025-08-04: done (1 segments)
[11:05:22] [256/594] 2025-08-03: starting merge...
[11:05:36] [256/594] 2025-08-03: done (1 segments)
[11:05:36] [257/594] 2025-08-02: starting merge...
[11:05:55] [257/594] 2025-08-02: done (1 segments)
[11:05:55] [258/594] 2025-08-01: starting merge...
[11:06:15] [258/594] 2025-08-01: done (1 segments)
[11:06:15] [259/594] 2025-07-pwcc: starting merge...
[11:07:19] [259/594] 2025-07-pwcc: done (1 segments)
[11:07:19] [260/594] 2025-07-pris: starting merge...
[11:08:11] [260/594] 2025-07-pris: done (2 segments)
[11:08:11] [261/594] 2025-07-31: starting merge...
[11:09:53] [261/594] 2025-07-31: still merging (3 active)...
[11:11:10] [261/594] 2025-07-31: still merging (3 active)...
[11:12:09] [261/594] 2025-07-31: done (1 segments)
[11:12:09] [262/594] 2025-07-30: starting merge...
[11:13:50] [262/594] 2025-07-30: still merging (3 active)...
[11:14:23] [262/594] 2025-07-30: done (1 segments)
[11:14:23] [263/594] 2025-07-29: starting merge...
[11:16:05] [263/594] 2025-07-29: still merging (3 active)...
[11:17:21] [263/594] 2025-07-29: still merging (3 active)...
[11:18:20] [263/594] 2025-07-29: done (1 segments)
[11:18:20] [264/594] 2025-07-28: starting merge...
[11:20:02] [264/594] 2025-07-28: still merging (3 active)...
[11:21:19] [264/594] 2025-07-28: still merging (3 active)...
[11:21:59] [264/594] 2025-07-28: done (1 segments)
[11:21:59] [265/594] 2025-07-27: starting merge...
[11:23:41] [265/594] 2025-07-27: still merging (3 active)...
[11:24:58] [265/594] 2025-07-27: still merging (3 active)...
[11:26:17] [265/594] 2025-07-27: done (2 segments)
[11:26:17] [266/594] 2025-07-26: starting merge...
[11:27:59] [266/594] 2025-07-26: still merging (3 active)...
[11:29:15] [266/594] 2025-07-26: still merging (3 active)...
[11:30:14] [266/594] 2025-07-26: done (1 segments)
[11:30:14] [267/594] 2025-07-25: starting merge...
[11:31:56] [267/594] 2025-07-25: still merging (3 active)...
[11:33:12] [267/594] 2025-07-25: still merging (3 active)...
[11:33:52] [267/594] 2025-07-25: done (1 segments)
[11:33:52] [268/594] 2025-07-24: starting merge...
[11:35:33] [268/594] 2025-07-24: still merging (3 active)...
[11:36:51] [268/594] 2025-07-24: still merging (3 active)...
[11:37:43] [268/594] 2025-07-24: done (1 segments)
[11:37:43] [269/594] 2025-07-23: starting merge...
[11:39:26] [269/594] 2025-07-23: still merging (3 active)...
[11:40:44] [269/594] 2025-07-23: still merging (3 active)...
[11:42:02] [269/594] 2025-07-23: still merging (1 active)...
[11:42:29] [269/594] 2025-07-23: done (1 segments)
[11:42:29] [270/594] 2025-07-22: starting merge...
[11:44:12] [270/594] 2025-07-22: still merging (3 active)...
[11:45:28] [270/594] 2025-07-22: still merging (1 active)...
[11:45:36] [270/594] 2025-07-22: done (2 segments)
[11:45:36] [271/594] 2025-07-21: starting merge...
[11:45:51] [271/594] 2025-07-21: done (1 segments)
[11:45:51] [272/594] 2025-07-20: starting merge...
[11:46:09] [272/594] 2025-07-20: done (1 segments)
[11:46:09] [273/594] 2025-07-19: starting merge...
[11:46:26] [273/594] 2025-07-19: done (1 segments)
[11:46:26] [274/594] 2025-07-18: starting merge...
[11:46:43] [274/594] 2025-07-18: done (1 segments)
[11:46:43] [275/594] 2025-07-17: starting merge...
[11:47:00] [275/594] 2025-07-17: done (1 segments)
[11:47:00] [276/594] 2025-07-16: starting merge...
[11:47:17] [276/594] 2025-07-16: done (1 segments)
[11:47:17] [277/594] 2025-07-15: starting merge...
[11:47:32] [277/594] 2025-07-15: done (1 segments)
[11:47:32] [278/594] 2025-07-14: starting merge...
[11:47:49] [278/594] 2025-07-14: done (1 segments)
[11:47:49] [279/594] 2025-07-13: starting merge...
[11:48:06] [279/594] 2025-07-13: done (1 segments)
[11:48:06] [280/594] 2025-07-12: starting merge...
[11:48:22] [280/594] 2025-07-12: done (1 segments)
[11:48:22] [281/594] 2025-07-11: starting merge...
[11:48:37] [281/594] 2025-07-11: done (1 segments)
[11:48:37] [282/594] 2025-07-10: starting merge...
[11:48:53] [282/594] 2025-07-10: done (1 segments)
[11:48:53] [283/594] 2025-07-09: starting merge...
[11:49:10] [283/594] 2025-07-09: done (1 segments)
[11:49:10] [284/594] 2025-07-08: starting merge...
[11:49:27] [284/594] 2025-07-08: done (1 segments)
[11:49:27] [285/594] 2025-07-07: starting merge...
[11:49:43] [285/594] 2025-07-07: done (1 segments)
[11:49:43] [286/594] 2025-07-06: starting merge...
[11:50:01] [286/594] 2025-07-06: done (1 segments)
[11:50:01] [287/594] 2025-07-05: starting merge...
[11:50:17] [287/594] 2025-07-05: done (1 segments)
[11:50:17] [288/594] 2025-07-04: starting merge...
[11:50:34] [288/594] 2025-07-04: done (1 segments)
[11:50:34] [289/594] 2025-07-03: starting merge...
[11:50:51] [289/594] 2025-07-03: done (1 segments)
[11:50:51] [290/594] 2025-07-02: starting merge...
[11:51:07] [290/594] 2025-07-02: done (1 segments)
[11:51:07] [291/594] 2025-07-01: starting merge...
[11:51:24] [291/594] 2025-07-01: done (1 segments)
[11:51:24] [292/594] 2025-06-pwcc: starting merge...
[11:52:42] [292/594] 2025-06-pwcc: done (1 segments)
[11:52:42] [293/594] 2025-06-pris: starting merge...
[11:53:14] [293/594] 2025-06-pris: done (1 segments)
[11:53:14] [294/594] 2025-06-30: starting merge...
[11:53:31] [294/594] 2025-06-30: done (1 segments)
[11:53:32] [295/594] 2025-06-29: starting merge...
[11:53:52] [295/594] 2025-06-29: done (1 segments)
[11:53:52] [296/594] 2025-06-28: starting merge...
[11:54:08] [296/594] 2025-06-28: done (1 segments)
[11:54:08] [297/594] 2025-06-27: starting merge...
[11:54:25] [297/594] 2025-06-27: done (1 segments)
[11:54:25] [298/594] 2025-06-26: starting merge...
[11:54:41] [298/594] 2025-06-26: done (1 segments)
[11:54:41] [299/594] 2025-06-25: starting merge...
[11:54:58] [299/594] 2025-06-25: done (1 segments)
[11:54:58] [300/594] 2025-06-24: starting merge...
[11:55:15] [300/594] 2025-06-24: done (1 segments)
[11:55:15] [301/594] 2025-06-23: starting merge...
[11:55:31] [301/594] 2025-06-23: done (1 segments)
[11:55:31] [302/594] 2025-06-22: starting merge...
[11:55:49] [302/594] 2025-06-22: done (1 segments)
[11:55:49] [303/594] 2025-06-21: starting merge...
[11:56:06] [303/594] 2025-06-21: done (1 segments)
[11:56:06] [304/594] 2025-06-20: starting merge...
[11:56:23] [304/594] 2025-06-20: done (1 segments)
[11:56:23] [305/594] 2025-06-19: starting merge...
[11:56:41] [305/594] 2025-06-19: done (1 segments)
[11:56:41] [306/594] 2025-06-18: starting merge...
[11:56:58] [306/594] 2025-06-18: done (1 segments)
[11:56:58] [307/594] 2025-06-17: starting merge...
[11:57:16] [307/594] 2025-06-17: done (1 segments)
[11:57:16] [308/594] 2025-06-16: starting merge...
[11:57:31] [308/594] 2025-06-16: done (1 segments)
[11:57:31] [309/594] 2025-06-15: starting merge...
[11:57:50] [309/594] 2025-06-15: done (1 segments)
[11:57:50] [310/594] 2025-06-14: starting merge...
[11:58:08] [310/594] 2025-06-14: done (1 segments)
[11:58:08] [311/594] 2025-06-13: starting merge...
[11:58:25] [311/594] 2025-06-13: done (1 segments)
[11:58:25] [312/594] 2025-06-12: starting merge...
[11:58:43] [312/594] 2025-06-12: done (1 segments)
[11:58:43] [313/594] 2025-06-11: starting merge...
[11:58:58] [313/594] 2025-06-11: done (1 segments)
[11:58:58] [314/594] 2025-06-10: starting merge...
[11:59:09] [314/594] 2025-06-10: done (1 segments)
[11:59:09] [315/594] 2025-06-09: starting merge...
[11:59:25] [315/594] 2025-06-09: done (1 segments)
[11:59:25] [316/594] 2025-06-08: starting merge...
[11:59:44] [316/594] 2025-06-08: done (1 segments)
[11:59:44] [317/594] 2025-06-07: starting merge...
[12:00:02] [317/594] 2025-06-07: done (1 segments)
[12:00:02] [318/594] 2025-06-06: starting merge...
[12:00:17] [318/594] 2025-06-06: done (1 segments)
[12:00:17] [319/594] 2025-06-05: starting merge...
[12:00:34] [319/594] 2025-06-05: done (1 segments)
[12:00:34] [320/594] 2025-06-04: starting merge...
[12:00:49] [320/594] 2025-06-04: done (1 segments)
[12:00:49] [321/594] 2025-06-03: starting merge...
[12:01:06] [321/594] 2025-06-03: done (1 segments)
[12:01:06] [322/594] 2025-06-02: starting merge...
[12:01:22] [322/594] 2025-06-02: done (1 segments)
[12:01:22] [323/594] 2025-06-01: starting merge...
[12:01:40] [323/594] 2025-06-01: done (1 segments)
[12:01:40] [324/594] 2025-05-pwcc: starting merge...
[12:02:44] [324/594] 2025-05-pwcc: done (1 segments)
[12:02:44] [325/594] 2025-05-pris: starting merge...
[12:03:12] [325/594] 2025-05-pris: done (1 segments)
[12:03:12] [326/594] 2025-05-31: starting merge...
[12:03:29] [326/594] 2025-05-31: done (1 segments)
[12:03:29] [327/594] 2025-05-30: starting merge...
[12:03:46] [327/594] 2025-05-30: done (1 segments)
[12:03:46] [328/594] 2025-05-29: starting merge...
[12:04:03] [328/594] 2025-05-29: done (1 segments)
[12:04:03] [329/594] 2025-05-28: starting merge...
[12:04:19] [329/594] 2025-05-28: done (1 segments)
[12:04:19] [330/594] 2025-05-27: starting merge...
[12:04:36] [330/594] 2025-05-27: done (1 segments)
[12:04:36] [331/594] 2025-05-26: starting merge...
[12:04:52] [331/594] 2025-05-26: done (1 segments)
[12:04:52] [332/594] 2025-05-25: starting merge...
[12:05:09] [332/594] 2025-05-25: done (1 segments)
[12:05:09] [333/594] 2025-05-24: starting merge...
[12:05:22] [333/594] 2025-05-24: done (1 segments)
[12:05:22] [334/594] 2025-05-23: starting merge...
[12:05:36] [334/594] 2025-05-23: done (1 segments)
[12:05:36] [335/594] 2025-05-22: starting merge...
[12:05:52] [335/594] 2025-05-22: done (1 segments)
[12:05:52] [336/594] 2025-05-21: starting merge...
[12:06:09] [336/594] 2025-05-21: done (1 segments)
[12:06:09] [337/594] 2025-05-20: starting merge...
[12:06:26] [337/594] 2025-05-20: done (1 segments)
[12:06:26] [338/594] 2025-05-19: starting merge...
[12:06:43] [338/594] 2025-05-19: done (1 segments)
[12:06:43] [339/594] 2025-05-18: starting merge...
[12:06:56] [339/594] 2025-05-18: done (1 segments)
[12:06:56] [340/594] 2025-05-17: starting merge...
[12:07:12] [340/594] 2025-05-17: done (1 segments)
[12:07:12] [341/594] 2025-05-16: starting merge...
[12:07:29] [341/594] 2025-05-16: done (1 segments)
[12:07:29] [342/594] 2025-05-15: starting merge...
[12:07:47] [342/594] 2025-05-15: done (1 segments)
[12:07:47] [343/594] 2025-05-14: starting merge...
[12:08:05] [343/594] 2025-05-14: done (1 segments)
[12:08:05] [344/594] 2025-05-13: starting merge...
[12:08:22] [344/594] 2025-05-13: done (1 segments)
[12:08:22] [345/594] 2025-05-12: starting merge...
[12:08:39] [345/594] 2025-05-12: done (1 segments)
[12:08:39] [346/594] 2025-05-11: starting merge...
[12:08:56] [346/594] 2025-05-11: done (1 segments)
[12:08:56] [347/594] 2025-05-10: starting merge...
[12:09:12] [347/594] 2025-05-10: done (1 segments)
[12:09:12] [348/594] 2025-05-09: starting merge...
[12:09:23] [348/594] 2025-05-09: done (1 segments)
[12:09:23] [349/594] 2025-05-08: starting merge...
[12:09:27] [349/594] 2025-05-08: done (1 segments)
[12:09:27] [350/594] 2025-05-07: starting merge...
[12:09:31] [350/594] 2025-05-07: done (1 segments)
[12:09:31] [351/594] 2025-05-06: starting merge...
[12:09:35] [351/594] 2025-05-06: done (1 segments)
[12:09:35] [352/594] 2025-05-05: starting merge...
[12:09:40] [352/594] 2025-05-05: done (1 segments)
[12:09:40] [353/594] 2025-05-04: starting merge...
[12:09:50] [353/594] 2025-05-04: done (1 segments)
[12:09:50] [354/594] 2025-05-02: starting merge...
[12:09:54] [354/594] 2025-05-02: done (1 segments)
[12:09:54] [355/594] 2025-05-01: starting merge...
[12:10:04] [355/594] 2025-05-01: done (1 segments)
[12:10:04] [356/594] 2025-04-pwcc: starting merge...
[12:11:02] [356/594] 2025-04-pwcc: done (1 segments)
[12:11:02] [357/594] 2025-04-pris: starting merge...
[12:12:20] [357/594] 2025-04-pris: done (1 segments)
[12:12:20] [358/594] 2025-04-30: starting merge...
[12:12:36] [358/594] 2025-04-30: done (1 segments)
[12:12:36] [359/594] 2025-04-29: starting merge...
[12:12:52] [359/594] 2025-04-29: done (1 segments)
[12:12:52] [360/594] 2025-04-28: starting merge...
[12:13:07] [360/594] 2025-04-28: done (1 segments)
[12:13:07] [361/594] 2025-04-27: starting merge...
[12:13:26] [361/594] 2025-04-27: done (1 segments)
[12:13:26] [362/594] 2025-04-26: starting merge...
[12:13:41] [362/594] 2025-04-26: done (1 segments)
[12:13:41] [363/594] 2025-04-25: starting merge...
[12:13:58] [363/594] 2025-04-25: done (1 segments)
[12:13:58] [364/594] 2025-04-24: starting merge...
[12:14:15] [364/594] 2025-04-24: done (1 segments)
[12:14:15] [365/594] 2025-04-23: starting merge...
[12:14:33] [365/594] 2025-04-23: done (1 segments)
[12:14:33] [366/594] 2025-04-22: starting merge...
[12:14:50] [366/594] 2025-04-22: done (1 segments)
[12:14:50] [367/594] 2025-04-21: starting merge...
[12:15:06] [367/594] 2025-04-21: done (1 segments)
[12:15:06] [368/594] 2025-04-20: starting merge...
[12:15:24] [368/594] 2025-04-20: done (1 segments)
[12:15:24] [369/594] 2025-04-19: starting merge...
[12:15:42] [369/594] 2025-04-19: done (1 segments)
[12:15:42] [370/594] 2025-04-18: starting merge...
[12:15:58] [370/594] 2025-04-18: done (1 segments)
[12:15:58] [371/594] 2025-04-17: starting merge...
[12:16:15] [371/594] 2025-04-17: done (1 segments)
[12:16:15] [372/594] 2025-04-16: starting merge...
[12:16:32] [372/594] 2025-04-16: done (1 segments)
[12:16:32] [373/594] 2025-04-15: starting merge...
[12:16:50] [373/594] 2025-04-15: done (1 segments)
[12:16:50] [374/594] 2025-04-14: starting merge...
[12:17:05] [374/594] 2025-04-14: done (1 segments)
[12:17:05] [375/594] 2025-04-13: starting merge...
[12:17:23] [375/594] 2025-04-13: done (1 segments)
[12:17:23] [376/594] 2025-04-12: starting merge...
[12:17:39] [376/594] 2025-04-12: done (1 segments)
[12:17:39] [377/594] 2025-04-11: starting merge...
[12:17:57] [377/594] 2025-04-11: done (1 segments)
[12:17:57] [378/594] 2025-04-10: starting merge...
[12:18:14] [378/594] 2025-04-10: done (1 segments)
[12:18:14] [379/594] 2025-04-09: starting merge...
[12:18:30] [379/594] 2025-04-09: done (1 segments)
[12:18:30] [380/594] 2025-04-08: starting merge...
[12:18:48] [380/594] 2025-04-08: done (1 segments)
[12:18:48] [381/594] 2025-04-07: starting merge...
[12:19:03] [381/594] 2025-04-07: done (1 segments)
[12:19:03] [382/594] 2025-04-06: starting merge...
[12:19:23] [382/594] 2025-04-06: done (1 segments)
[12:19:23] [383/594] 2025-04-05: starting merge...
[12:19:41] [383/594] 2025-04-05: done (1 segments)
[12:19:41] [384/594] 2025-04-04: starting merge...
[12:19:57] [384/594] 2025-04-04: done (1 segments)
[12:19:57] [385/594] 2025-04-03: starting merge...
[12:20:16] [385/594] 2025-04-03: done (1 segments)
[12:20:16] [386/594] 2025-04-02: starting merge...
[12:20:33] [386/594] 2025-04-02: done (1 segments)
[12:20:33] [387/594] 2025-04-01: starting merge...
[12:20:49] [387/594] 2025-04-01: done (1 segments)
[12:20:49] [388/594] 2025-03-pwcc: starting merge...
[12:22:00] [388/594] 2025-03-pwcc: done (1 segments)
[12:22:00] [389/594] 2025-03-pris: starting merge...
[12:23:43] [389/594] 2025-03-pris: still merging (1 active)...
[12:23:51] [389/594] 2025-03-pris: done (1 segments)
[12:23:51] [390/594] 2025-03-31: starting merge...
[12:24:07] [390/594] 2025-03-31: done (1 segments)
[12:24:07] [391/594] 2025-03-30: starting merge...
[12:24:26] [391/594] 2025-03-30: done (1 segments)
[12:24:26] [392/594] 2025-03-29: starting merge...
[12:24:43] [392/594] 2025-03-29: done (1 segments)
[12:24:43] [393/594] 2025-03-28: starting merge...
[12:25:00] [393/594] 2025-03-28: done (1 segments)
[12:25:00] [394/594] 2025-03-27: starting merge...
[12:25:16] [394/594] 2025-03-27: done (1 segments)
[12:25:16] [395/594] 2025-03-26: starting merge...
[12:25:34] [395/594] 2025-03-26: done (1 segments)
[12:25:34] [396/594] 2025-03-25: starting merge...
[12:25:52] [396/594] 2025-03-25: done (1 segments)
[12:25:52] [397/594] 2025-03-24: starting merge...
[12:26:07] [397/594] 2025-03-24: done (1 segments)
[12:26:07] [398/594] 2025-03-23: starting merge...
[12:26:27] [398/594] 2025-03-23: done (1 segments)
[12:26:27] [399/594] 2025-03-22: starting merge...
[12:26:45] [399/594] 2025-03-22: done (1 segments)
[12:26:45] [400/594] 2025-03-21: starting merge...
[12:27:02] [400/594] 2025-03-21: done (1 segments)
[12:27:02] [401/594] 2025-03-20: starting merge...
[12:27:20] [401/594] 2025-03-20: done (1 segments)
[12:27:20] [402/594] 2025-03-19: starting merge...
[12:27:37] [402/594] 2025-03-19: done (1 segments)
[12:27:37] [403/594] 2025-03-18: starting merge...
[12:27:54] [403/594] 2025-03-18: done (1 segments)
[12:27:54] [404/594] 2025-03-17: starting merge...
[12:28:08] [404/594] 2025-03-17: done (1 segments)
[12:28:08] [405/594] 2025-03-16: starting merge...
[12:28:28] [405/594] 2025-03-16: done (1 segments)
[12:28:28] [406/594] 2025-03-15: starting merge...
[12:28:45] [406/594] 2025-03-15: done (1 segments)
[12:28:45] [407/594] 2025-03-14: starting merge...
[12:29:02] [407/594] 2025-03-14: done (1 segments)
[12:29:02] [408/594] 2025-03-13: starting merge...
[12:29:18] [408/594] 2025-03-13: done (1 segments)
[12:29:18] [409/594] 2025-03-12: starting merge...
[12:29:35] [409/594] 2025-03-12: done (1 segments)
[12:29:35] [410/594] 2025-03-11: starting merge...
[12:29:53] [410/594] 2025-03-11: done (1 segments)
[12:29:53] [411/594] 2025-03-10: starting merge...
[12:30:09] [411/594] 2025-03-10: done (1 segments)
[12:30:09] [412/594] 2025-03-09: starting merge...
[12:30:28] [412/594] 2025-03-09: done (1 segments)
[12:30:28] [413/594] 2025-03-08: starting merge...
[12:30:48] [413/594] 2025-03-08: done (1 segments)
[12:30:48] [414/594] 2025-03-07: starting merge...
[12:31:04] [414/594] 2025-03-07: done (1 segments)
[12:31:04] [415/594] 2025-03-06: starting merge...
[12:31:22] [415/594] 2025-03-06: done (1 segments)
[12:31:22] [416/594] 2025-03-05: starting merge...
[12:31:39] [416/594] 2025-03-05: done (1 segments)
[12:31:39] [417/594] 2025-03-04: starting merge...
[12:33:20] [417/594] 2025-03-04: still merging (3 active)...
[12:34:36] [417/594] 2025-03-04: still merging (3 active)...
[12:35:41] [417/594] 2025-03-04: done (1 segments)
[12:35:41] [418/594] 2025-03-03: starting merge...
[12:37:22] [418/594] 2025-03-03: still merging (3 active)...
[12:38:38] [418/594] 2025-03-03: still merging (3 active)...
[12:39:45] [418/594] 2025-03-03: done (1 segments)
[12:39:45] [419/594] 2025-03-02: starting merge...
[12:41:26] [419/594] 2025-03-02: still merging (3 active)...
[12:42:42] [419/594] 2025-03-02: still merging (3 active)...
[12:43:58] [419/594] 2025-03-02: still merging (3 active)...
[12:44:19] [419/594] 2025-03-02: done (1 segments)
[12:44:19] [420/594] 2025-03-01: starting merge...
[12:46:01] [420/594] 2025-03-01: still merging (3 active)...
[12:47:17] [420/594] 2025-03-01: still merging (3 active)...
[12:48:03] [420/594] 2025-03-01: done (1 segments)
[12:48:03] [421/594] 2025-02-pwcc: starting merge...
[12:48:55] [421/594] 2025-02-pwcc: done (1 segments)
[12:48:55] [422/594] 2025-02-pris: starting merge...
[12:50:18] [422/594] 2025-02-pris: done (1 segments)
[12:50:18] [423/594] 2025-02-28: starting merge...
[12:52:00] [423/594] 2025-02-28: still merging (3 active)...
[12:53:18] [423/594] 2025-02-28: done (2 segments)
[12:53:18] [424/594] 2025-02-27: starting merge...
[12:54:59] [424/594] 2025-02-27: still merging (3 active)...
[12:56:14] [424/594] 2025-02-27: still merging (3 active)...
[12:57:31] [424/594] 2025-02-27: done (1 segments)
[12:57:31] [425/594] 2025-02-26: starting merge...
[12:57:48] [425/594] 2025-02-26: done (1 segments)
[12:57:48] [426/594] 2025-02-25: starting merge...
[12:58:06] [426/594] 2025-02-25: done (1 segments)
[12:58:06] [427/594] 2025-02-24: starting merge...
[12:58:20] [427/594] 2025-02-24: done (1 segments)
[12:58:20] [428/594] 2025-02-23: starting merge...
[12:58:40] [428/594] 2025-02-23: done (1 segments)
[12:58:40] [429/594] 2025-02-22: starting merge...
[12:58:57] [429/594] 2025-02-22: done (1 segments)
[12:58:57] [430/594] 2025-02-21: starting merge...
[12:59:14] [430/594] 2025-02-21: done (1 segments)
[12:59:14] [431/594] 2025-02-20: starting merge...
[12:59:31] [431/594] 2025-02-20: done (1 segments)
[12:59:31] [432/594] 2025-02-19: starting merge...
[12:59:48] [432/594] 2025-02-19: done (1 segments)
[12:59:49] [433/594] 2025-02-18: starting merge...
[13:00:05] [433/594] 2025-02-18: done (1 segments)
[13:00:05] [434/594] 2025-02-17: starting merge...
[13:00:21] [434/594] 2025-02-17: done (1 segments)
[13:00:21] [435/594] 2025-02-16: starting merge...
[13:00:40] [435/594] 2025-02-16: done (1 segments)
[13:00:40] [436/594] 2025-02-15: starting merge...
[13:00:57] [436/594] 2025-02-15: done (1 segments)
[13:00:57] [437/594] 2025-02-14: starting merge...
[13:01:14] [437/594] 2025-02-14: done (1 segments)
[13:01:14] [438/594] 2025-02-13: starting merge...
[13:01:31] [438/594] 2025-02-13: done (1 segments)
[13:01:31] [439/594] 2025-02-12: starting merge...
[13:01:48] [439/594] 2025-02-12: done (1 segments)
[13:01:48] [440/594] 2025-02-11: starting merge...
[13:02:04] [440/594] 2025-02-11: done (1 segments)
[13:02:04] [441/594] 2025-02-10: starting merge...
[13:02:21] [441/594] 2025-02-10: done (1 segments)
[13:02:21] [442/594] 2025-02-09: starting merge...
[13:02:42] [442/594] 2025-02-09: done (1 segments)
[13:02:42] [443/594] 2025-02-08: starting merge...
[13:02:58] [443/594] 2025-02-08: done (1 segments)
[13:02:58] [444/594] 2025-02-07: starting merge...
[13:03:14] [444/594] 2025-02-07: done (1 segments)
[13:03:14] [445/594] 2025-02-06: starting merge...
[13:03:30] [445/594] 2025-02-06: done (1 segments)
[13:03:30] [446/594] 2025-02-05: starting merge...
[13:03:47] [446/594] 2025-02-05: done (1 segments)
[13:03:47] [447/594] 2025-02-04: starting merge...
[13:04:04] [447/594] 2025-02-04: done (1 segments)
[13:04:04] [448/594] 2025-02-03: starting merge...
[13:04:21] [448/594] 2025-02-03: done (1 segments)
[13:04:21] [449/594] 2025-02-02: starting merge...
[13:04:39] [449/594] 2025-02-02: done (1 segments)
[13:04:39] [450/594] 2025-02-01: starting merge...
[13:04:57] [450/594] 2025-02-01: done (1 segments)
[13:04:57] [451/594] 2025-01-pwcc: starting merge...
[13:05:29] [451/594] 2025-01-pwcc: done (1 segments)
[13:05:29] [452/594] 2025-01-pris: starting merge...
[13:06:52] [452/594] 2025-01-pris: done (2 segments)
[13:06:52] [453/594] 2025-01-31: starting merge...
[13:07:08] [453/594] 2025-01-31: done (1 segments)
[13:07:08] [454/594] 2025-01-30: starting merge...
[13:07:25] [454/594] 2025-01-30: done (1 segments)
[13:07:25] [455/594] 2025-01-29: starting merge...
[13:07:41] [455/594] 2025-01-29: done (1 segments)
[13:07:41] [456/594] 2025-01-28: starting merge...
[13:07:58] [456/594] 2025-01-28: done (1 segments)
[13:07:58] [457/594] 2025-01-27: starting merge...
[13:08:15] [457/594] 2025-01-27: done (1 segments)
[13:08:15] [458/594] 2025-01-26: starting merge...
[13:08:33] [458/594] 2025-01-26: done (1 segments)
[13:08:33] [459/594] 2025-01-25: starting merge...
[13:08:49] [459/594] 2025-01-25: done (1 segments)
[13:08:49] [460/594] 2025-01-24: starting merge...
[13:09:06] [460/594] 2025-01-24: done (1 segments)
[13:09:06] [461/594] 2025-01-23: starting merge...
[13:09:22] [461/594] 2025-01-23: done (1 segments)
[13:09:22] [462/594] 2025-01-22: starting merge...
[13:09:38] [462/594] 2025-01-22: done (1 segments)
[13:09:38] [463/594] 2025-01-21: starting merge...
[13:09:55] [463/594] 2025-01-21: done (1 segments)
[13:09:55] [464/594] 2025-01-20: starting merge...
[13:10:13] [464/594] 2025-01-20: done (1 segments)
[13:10:13] [465/594] 2025-01-19: starting merge...
[13:10:32] [465/594] 2025-01-19: done (1 segments)
[13:10:32] [466/594] 2025-01-18: starting merge...
[13:10:49] [466/594] 2025-01-18: done (1 segments)
[13:10:49] [467/594] 2025-01-17: starting merge...
[13:11:06] [467/594] 2025-01-17: done (1 segments)
[13:11:06] [468/594] 2025-01-16: starting merge...
[13:11:22] [468/594] 2025-01-16: done (1 segments)
[13:11:22] [469/594] 2025-01-15: starting merge...
[13:11:38] [469/594] 2025-01-15: done (1 segments)
[13:11:38] [470/594] 2025-01-14: starting merge...
[13:11:54] [470/594] 2025-01-14: done (1 segments)
[13:11:54] [471/594] 2025-01-13: starting merge...
[13:12:11] [471/594] 2025-01-13: done (1 segments)
[13:12:11] [472/594] 2025-01-12: starting merge...
[13:12:30] [472/594] 2025-01-12: done (1 segments)
[13:12:30] [473/594] 2025-01-11: starting merge...
[13:12:46] [473/594] 2025-01-11: done (1 segments)
[13:12:46] [474/594] 2025-01-10: starting merge...
[13:13:03] [474/594] 2025-01-10: done (1 segments)
[13:13:03] [475/594] 2025-01-09: starting merge...
[13:13:18] [475/594] 2025-01-09: done (1 segments)
[13:13:18] [476/594] 2025-01-08: starting merge...
[13:13:34] [476/594] 2025-01-08: done (1 segments)
[13:13:34] [477/594] 2025-01-07: starting merge...
[13:13:50] [477/594] 2025-01-07: done (1 segments)
[13:13:50] [478/594] 2025-01-06: starting merge...
[13:14:08] [478/594] 2025-01-06: done (1 segments)
[13:14:08] [479/594] 2025-01-05: starting merge...
[13:14:26] [479/594] 2025-01-05: done (1 segments)
[13:14:26] [480/594] 2025-01-04: starting merge...
[13:14:42] [480/594] 2025-01-04: done (1 segments)
[13:14:42] [481/594] 2025-01-03: starting merge...
[13:14:58] [481/594] 2025-01-03: done (1 segments)
[13:14:58] [482/594] 2025-01-02: starting merge...
[13:15:12] [482/594] 2025-01-02: done (1 segments)
[13:15:12] [483/594] 2025-01-01: starting merge...
[13:15:27] [483/594] 2025-01-01: done (1 segments)
[13:15:27] [484/594] 2024-ms: starting merge...
[13:15:35] [484/594] 2024-ms: done (2 segments)
[13:15:35] [485/594] 2024-heritage: starting merge...
[13:15:57] [485/594] 2024-heritage: done (1 segments)
[13:15:57] [486/594] 2024-gold: starting merge...
[13:17:38] [486/594] 2024-gold: still merging (3 active)...
[13:18:23] [486/594] 2024-gold: done (1 segments)
[13:18:23] [487/594] 2024-12-pwcc: starting merge...
[13:19:08] [487/594] 2024-12-pwcc: done (1 segments)
[13:19:08] [488/594] 2024-12-pris: starting merge...
[13:20:37] [488/594] 2024-12-pris: done (1 segments)
[13:20:37] [489/594] 2024-11-pwcc: starting merge...
[13:21:17] [489/594] 2024-11-pwcc: done (1 segments)
[13:21:17] [490/594] 2024-11-pris: starting merge...
[13:22:41] [490/594] 2024-11-pris: done (1 segments)
[13:22:41] [491/594] 2024-10-pwcc: starting merge...
[13:23:20] [491/594] 2024-10-pwcc: done (1 segments)
[13:23:20] [492/594] 2024-10-pris: starting merge...
[13:24:49] [492/594] 2024-10-pris: done (1 segments)
[13:24:49] [493/594] 2024-09-pwcc: starting merge...
[13:25:40] [493/594] 2024-09-pwcc: done (1 segments)
[13:25:40] [494/594] 2024-09-pris: starting merge...
[13:26:58] [494/594] 2024-09-pris: done (1 segments)
[13:26:58] [495/594] 2024-08-pwcc: starting merge...
[13:27:28] [495/594] 2024-08-pwcc: done (1 segments)
[13:27:28] [496/594] 2024-08-pris: starting merge...
[13:28:45] [496/594] 2024-08-pris: done (1 segments)
[13:28:45] [497/594] 2024-07-pwcc: starting merge...
[13:29:14] [497/594] 2024-07-pwcc: done (1 segments)
[13:29:14] [498/594] 2024-07-pris: starting merge...
[13:30:37] [498/594] 2024-07-pris: done (1 segments)
[13:30:37] [499/594] 2024-06-pwcc: starting merge...
[13:31:16] [499/594] 2024-06-pwcc: done (1 segments)
[13:31:16] [500/594] 2024-06-pris: starting merge...
[13:32:32] [500/594] 2024-06-pris: done (1 segments)
[13:32:32] [501/594] 2024-05-pwcc: starting merge...
[13:33:11] [501/594] 2024-05-pwcc: done (1 segments)
[13:33:11] [502/594] 2024-05-pris: starting merge...
[13:34:28] [502/594] 2024-05-pris: done (1 segments)
[13:34:28] [503/594] 2024-04-pwcc: starting merge...
[13:35:20] [503/594] 2024-04-pwcc: done (1 segments)
[13:35:20] [504/594] 2024-04-pris: starting merge...
[13:36:25] [504/594] 2024-04-pris: done (1 segments)
[13:36:25] [505/594] 2024-03-pwcc: starting merge...
[13:36:57] [505/594] 2024-03-pwcc: done (1 segments)
[13:36:57] [506/594] 2024-03-pris: starting merge...
[13:38:01] [506/594] 2024-03-pris: done (1 segments)
[13:38:01] [507/594] 2024-02-pwcc: starting merge...
[13:38:32] [507/594] 2024-02-pwcc: done (1 segments)
[13:38:32] [508/594] 2024-02-pris: starting merge...
[13:39:37] [508/594] 2024-02-pris: done (1 segments)
[13:39:37] [509/594] 2024-01-pwcc: starting merge...
[13:40:16] [509/594] 2024-01-pwcc: done (1 segments)
[13:40:16] [510/594] 2024-01-pris: starting merge...
[13:41:20] [510/594] 2024-01-pris: done (1 segments)
[13:41:20] [511/594] 2023-ms: starting merge...
[13:41:34] [511/594] 2023-ms: done (1 segments)
[13:41:34] [512/594] 2023-heritage: starting merge...
[13:41:50] [512/594] 2023-heritage: done (2 segments)
[13:41:50] [513/594] 2023-gold: starting merge...
[13:43:31] [513/594] 2023-gold: still merging (3 active)...
[13:44:48] [513/594] 2023-gold: still merging (3 active)...
[13:46:03] [513/594] 2023-gold: still merging (3 active)...
[13:46:36] [513/594] 2023-gold: done (2 segments)
[13:46:36] [514/594] 2023-12-pwcc: starting merge...
[13:47:09] [514/594] 2023-12-pwcc: done (2 segments)
[13:47:09] [515/594] 2023-12-pris: starting merge...
[13:48:19] [515/594] 2023-12-pris: done (1 segments)
[13:48:19] [516/594] 2023-11-pwcc: starting merge...
[13:48:58] [516/594] 2023-11-pwcc: done (1 segments)
[13:48:58] [517/594] 2023-11-pris: starting merge...
[13:50:09] [517/594] 2023-11-pris: done (1 segments)
[13:50:09] [518/594] 2023-10-pwcc: starting merge...
[13:50:54] [518/594] 2023-10-pwcc: done (1 segments)
[13:50:54] [519/594] 2023-10-pris: starting merge...
[13:51:58] [519/594] 2023-10-pris: done (1 segments)
[13:51:58] [520/594] 2023-09-pwcc: starting merge...
[13:52:37] [520/594] 2023-09-pwcc: done (1 segments)
[13:52:37] [521/594] 2023-09-pris: starting merge...
[13:53:41] [521/594] 2023-09-pris: done (1 segments)
[13:53:41] [522/594] 2023-08-pwcc: starting merge...
[13:54:20] [522/594] 2023-08-pwcc: done (1 segments)
[13:54:20] [523/594] 2023-08-pris: starting merge...
[13:55:31] [523/594] 2023-08-pris: done (1 segments)
[13:55:31] [524/594] 2023-07-pwcc: starting merge...
[13:56:16] [524/594] 2023-07-pwcc: done (1 segments)
[13:56:16] [525/594] 2023-07-pris: starting merge...
[13:57:20] [525/594] 2023-07-pris: done (1 segments)
[13:57:20] [526/594] 2023-06-pwcc: starting merge...
[13:58:05] [526/594] 2023-06-pwcc: done (1 segments)
[13:58:05] [527/594] 2023-06-pris: starting merge...
[13:59:10] [527/594] 2023-06-pris: done (1 segments)
[13:59:10] [528/594] 2023-05-pwcc: starting merge...
[14:00:02] [528/594] 2023-05-pwcc: done (1 segments)
[14:00:02] [529/594] 2023-05-pris: starting merge...
[14:01:12] [529/594] 2023-05-pris: done (1 segments)
[14:01:12] [530/594] 2023-04-pwcc: starting merge...
[14:01:58] [530/594] 2023-04-pwcc: done (1 segments)
[14:01:58] [531/594] 2023-04-pris: starting merge...
[14:03:09] [531/594] 2023-04-pris: done (1 segments)
[14:03:09] [532/594] 2023-03-pwcc: starting merge...
[14:04:01] [532/594] 2023-03-pwcc: done (2 segments)
[14:04:01] [533/594] 2023-03-pris: starting merge...
[14:05:11] [533/594] 2023-03-pris: done (1 segments)
[14:05:11] [534/594] 2023-02-pwcc: starting merge...
[14:05:50] [534/594] 2023-02-pwcc: done (1 segments)
[14:05:50] [535/594] 2023-02-pris: starting merge...
[14:06:55] [535/594] 2023-02-pris: done (1 segments)
[14:06:55] [536/594] 2023-01-pwcc: starting merge...
[14:07:34] [536/594] 2023-01-pwcc: done (2 segments)
[14:07:34] [537/594] 2023-01-pris: starting merge...
[14:08:39] [537/594] 2023-01-pris: done (1 segments)
[14:08:39] [538/594] 2022-ms: starting merge...
[14:09:10] [538/594] 2022-ms: done (2 segments)
[14:09:10] [539/594] 2022-gold: starting merge...
[14:09:49] [539/594] 2022-gold: done (1 segments)
[14:09:49] [540/594] 2022-12-pwcc: starting merge...
[14:10:34] [540/594] 2022-12-pwcc: done (1 segments)
[14:10:34] [541/594] 2022-12-pris: starting merge...
[14:11:52] [541/594] 2022-12-pris: done (2 segments)
[14:11:52] [542/594] 2022-11-pwcc: starting merge...
[14:12:16] [542/594] 2022-11-pwcc: done (1 segments)
[14:12:16] [543/594] 2022-11-pris: starting merge...
[14:13:27] [543/594] 2022-11-pris: done (1 segments)
[14:13:27] [544/594] 2022-10-pwcc: starting merge...
[14:14:06] [544/594] 2022-10-pwcc: done (1 segments)
[14:14:06] [545/594] 2022-10-pris: starting merge...
[14:15:17] [545/594] 2022-10-pris: done (1 segments)
[14:15:17] [546/594] 2022-09-pwcc: starting merge...
[14:15:45] [546/594] 2022-09-pwcc: done (1 segments)
[14:15:45] [547/594] 2022-09-pris: starting merge...
[14:16:50] [547/594] 2022-09-pris: done (1 segments)
[14:16:50] [548/594] 2022-08-pwcc: starting merge...
[14:17:22] [548/594] 2022-08-pwcc: done (1 segments)
[14:17:22] [549/594] 2022-08-pris: starting merge...
[14:18:21] [549/594] 2022-08-pris: done (1 segments)
[14:18:21] [550/594] 2022-07-pwcc: starting merge...
[14:18:45] [550/594] 2022-07-pwcc: done (1 segments)
[14:18:45] [551/594] 2022-07-pris: starting merge...
[14:19:51] [551/594] 2022-07-pris: done (2 segments)
[14:19:51] [552/594] 2022-06-pwcc: starting merge...
[14:20:12] [552/594] 2022-06-pwcc: done (1 segments)
[14:20:12] [553/594] 2022-06-pris: starting merge...
[14:21:10] [553/594] 2022-06-pris: done (1 segments)
[14:21:10] [554/594] 2022-05-pwcc: starting merge...
[14:21:42] [554/594] 2022-05-pwcc: done (1 segments)
[14:21:42] [555/594] 2022-05-pris: starting merge...
[14:22:48] [555/594] 2022-05-pris: done (1 segments)
[14:22:48] [556/594] 2022-04-pwcc: starting merge...
[14:23:10] [556/594] 2022-04-pwcc: done (1 segments)
[14:23:10] [557/594] 2022-04-pris: starting merge...
[14:24:15] [557/594] 2022-04-pris: done (1 segments)
[14:24:15] [558/594] 2022-03-pwcc: starting merge...
[14:24:36] [558/594] 2022-03-pwcc: done (1 segments)
[14:24:36] [559/594] 2022-03-pris: starting merge...
[14:25:15] [559/594] 2022-03-pris: done (1 segments)
[14:25:15] [560/594] 2022-02-pwcc: starting merge...
[14:25:34] [560/594] 2022-02-pwcc: done (1 segments)
[14:25:34] [561/594] 2022-02-pris: starting merge...
[14:26:19] [561/594] 2022-02-pris: done (2 segments)
[14:26:19] [562/594] 2022-01-pwcc: starting merge...
[14:26:31] [562/594] 2022-01-pwcc: done (1 segments)
[14:26:31] [563/594] 2022-01-pris: starting merge...
[14:26:42] [563/594] 2022-01-pris: done (1 segments)
[14:26:42] [564/594] 2021-ms: starting merge...
[14:27:00] [564/594] 2021-ms: done (2 segments)
[14:27:00] [565/594] 2021-gold: starting merge...
[14:27:06] [565/594] 2021-gold: done (1 segments)
[14:27:06] [566/594] 2021-12-pwcc: starting merge...
[14:27:29] [566/594] 2021-12-pwcc: done (2 segments)
[14:27:29] [567/594] 2021-12-pris: starting merge...
[14:28:28] [567/594] 2021-12-pris: done (1 segments)
[14:28:28] [568/594] 2021-11-pwcc: starting merge...
[14:28:50] [568/594] 2021-11-pwcc: done (1 segments)
[14:28:50] [569/594] 2021-11-pris: starting merge...
[14:29:01] [569/594] 2021-11-pris: done (1 segments)
[14:29:01] [570/594] 2021-10-pwcc: starting merge...
[14:29:33] [570/594] 2021-10-pwcc: done (1 segments)
[14:29:33] [571/594] 2021-10-pris: starting merge...
[14:29:36] [571/594] 2021-10-pris: done (1 segments)
[14:29:36] [572/594] 2021-09-pwcc: starting merge...
[14:29:41] [572/594] 2021-09-pwcc: done (1 segments)
[14:29:41] [573/594] 2021-08-pwcc: starting merge...
[14:29:57] [573/594] 2021-08-pwcc: done (1 segments)
[14:29:57] [574/594] 2021-07-pwcc: starting merge...
[14:30:36] [574/594] 2021-07-pwcc: done (1 segments)
[14:30:36] [575/594] 2021-06-pwcc: starting merge...
[14:31:15] [575/594] 2021-06-pwcc: done (1 segments)
[14:31:15] [576/594] 2021-05-pwcc: starting merge...
[14:31:48] [576/594] 2021-05-pwcc: done (1 segments)
[14:31:48] [577/594] 2021-04-pwcc: starting merge...
[14:32:27] [577/594] 2021-04-pwcc: done (1 segments)
[14:32:27] [578/594] 2021-03-pwcc: starting merge...
[14:32:53] [578/594] 2021-03-pwcc: done (1 segments)
[14:32:53] [579/594] 2021-02-pwcc: starting merge...
[14:33:21] [579/594] 2021-02-pwcc: done (1 segments)
[14:33:21] [580/594] 2021-01-pwcc: starting merge...
[14:33:42] [580/594] 2021-01-pwcc: done (1 segments)
[14:33:42] [581/594] 2020-pwcc: starting merge...
[14:35:23] [581/594] 2020-pwcc: still merging (3 active)...
[14:36:38] [581/594] 2020-pwcc: still merging (3 active)...
[14:37:55] [581/594] 2020-pwcc: still merging (3 active)...
[14:38:29] [581/594] 2020-pwcc: done (1 segments)
[14:38:29] [582/594] 2020-ms: starting merge...
[14:38:44] [582/594] 2020-ms: done (1 segments)
[14:38:44] [583/594] 2019-pwcc: starting merge...
[14:38:48] [583/594] 2019-pwcc: done (1 segments)
[14:38:48] [584/594] 2018-pwcc: starting merge...
[14:39:03] [584/594] 2018-pwcc: done (1 segments)
[14:39:03] [585/594] 2017-pwcc: starting merge...
[14:39:14] [585/594] 2017-pwcc: done (1 segments)
[14:39:14] [586/594] 2016-pwcc: starting merge...
[14:39:31] [586/594] 2016-pwcc: done (1 segments)
[14:39:31] [587/594] 2015-pwcc: starting merge...
[14:39:36] [587/594] 2015-pwcc: done (1 segments)
[14:39:36] [588/594] 2014-pwcc: starting merge...
[14:39:39] [588/594] 2014-pwcc: done (1 segments)
[14:39:39] [589/594] 2013-pwcc: starting merge...
[14:39:47] [589/594] 2013-pwcc: done (1 segments)
[14:39:47] [590/594] 2012-pwcc: starting merge...
[14:39:51] [590/594] 2012-pwcc: done (1 segments)
[14:39:51] [591/594] 2011-pwcc: starting merge...
[14:39:55] [591/594] 2011-pwcc: done (1 segments)
[14:39:55] [592/594] 2010-pwcc: starting merge...
[14:40:00] [592/594] 2010-pwcc: done (1 segments)
[14:40:00] [593/594] 2009-pwcc: starting merge...
[14:40:03] [593/594] 2009-pwcc: done (1 segments)
[14:40:03] [594/594] 2008-pwcc: starting merge...
[14:40:07] [594/594] 2008-pwcc: done (1 segments)

[14:40:07] All 594 indices merged.
