[19:30:46] [1/594] 2026-ms: SKIPPED
[19:30:46] [2/594] 2026-gold: SKIPPED
[19:30:46] [3/594] 2026-03-pwcc: SKIPPED
[19:30:46] [4/594] 2026-03-pris: SKIPPED
[19:30:46] [5/594] 2026-03-30: SKIPPED
[19:30:46] [6/594] 2026-03-29: SKIPPED
[19:30:46] [7/594] 2026-03-28: SKIPPED
[19:30:46] [8/594] 2026-03-27: SKIPPED
[19:30:46] [9/594] 2026-03-26: SKIPPED
[19:30:46] [10/594] 2026-03-25: SKIPPED
[19:30:46] [11/594] 2026-03-24: SKIPPED
[19:30:46] [12/594] 2026-03-23: SKIPPED
[19:30:46] [13/594] 2026-03-22: SKIPPED
[19:30:46] [14/594] 2026-03-21: SKIPPED
[19:30:46] [15/594] 2026-03-20: SKIPPED
[19:30:46] [16/594] 2026-03-19: SKIPPED
[19:30:46] [17/594] 2026-03-18: SKIPPED
[19:30:46] [18/594] 2026-03-17: SKIPPED
[19:30:46] [19/594] 2026-03-16: SKIPPED
[19:30:46] [20/594] 2026-03-15: SKIPPED
[19:30:46] [21/594] 2026-03-14: SKIPPED
[19:30:46] [22/594] 2026-03-13: SKIPPED
[19:30:46] [23/594] 2026-03-12: SKIPPED
[19:30:46] [24/594] 2026-03-11: SKIPPED
[19:30:46] [25/594] 2026-03-10: SKIPPED
[19:30:46] [26/594] 2026-03-09: SKIPPED
[19:30:46] [27/594] 2026-03-08: SKIPPED
[19:30:46] [28/594] 2026-03-07: SKIPPED
[19:30:46] [29/594] 2026-03-06: SKIPPED
[19:30:46] [30/594] 2026-03-05: SKIPPED
[19:30:46] [31/594] 2026-03-04: SKIPPED
[19:30:46] [32/594] 2026-03-03: SKIPPED
[19:30:46] [33/594] 2026-03-02: SKIPPED
[19:30:46] [34/594] 2026-03-01: SKIPPED
[19:30:46] [35/594] 2026-02-pwcc: SKIPPED
[19:30:46] [36/594] 2026-02-pris: SKIPPED
[19:30:46] [37/594] 2026-02-28: SKIPPED
[19:30:46] [38/594] 2026-02-27: SKIPPED
[19:30:46] [39/594] 2026-02-26: SKIPPED
[19:30:46] [40/594] 2026-02-25: SKIPPED
[19:30:46] [41/594] 2026-02-24: SKIPPED
[19:30:46] [42/594] 2026-02-23: SKIPPED
[19:30:46] [43/594] 2026-02-22: SKIPPED
[19:30:46] [44/594] 2026-02-21: SKIPPED
[19:30:46] [45/594] 2026-02-20: SKIPPED
[19:30:46] [46/594] 2026-02-19: SKIPPED
[19:30:46] [47/594] 2026-02-18: SKIPPED
[19:30:46] [48/594] 2026-02-17: SKIPPED
[19:30:46] [49/594] 2026-02-16: SKIPPED
[19:30:46] [50/594] 2026-02-15: SKIPPED
[19:30:46] [51/594] 2026-02-14: SKIPPED
[19:30:46] [52/594] 2026-02-13: SKIPPED
[19:30:46] [53/594] 2026-02-12: SKIPPED
[19:30:46] [54/594] 2026-02-11: SKIPPED
[19:30:46] [55/594] 2026-02-10: SKIPPED
[19:30:46] [56/594] 2026-02-09: SKIPPED
[19:30:46] [57/594] 2026-02-08: SKIPPED
[19:30:46] [58/594] 2026-02-07: SKIPPED
[19:30:46] [59/594] 2026-02-06: SKIPPED
[19:30:46] [60/594] 2026-02-05: SKIPPED
[19:30:46] [61/594] 2026-02-04: SKIPPED
[19:30:46] [62/594] 2026-02-02: SKIPPED
[19:30:46] [63/594] 2026-02-01: SKIPPED
[19:30:46] [64/594] 2026-01-pwcc: SKIPPED
[19:30:46] [65/594] 2026-01-pris: SKIPPED
[19:30:46] [66/594] 2026-01-31: SKIPPED
[19:30:46] [67/594] 2026-01-30: SKIPPED
[19:30:46] [68/594] 2026-01-29: SKIPPED
[19:30:46] [69/594] 2026-01-28: SKIPPED
[19:30:46] [70/594] 2026-01-27: SKIPPED
[19:30:46] [71/594] 2026-01-26: SKIPPED
[19:30:46] [72/594] 2026-01-25: SKIPPED
[19:30:46] [73/594] 2026-01-24: SKIPPED
[19:30:47] [74/594] 2026-01-23: SKIPPED
[19:30:47] [75/594] 2026-01-22: SKIPPED
[19:30:47] [76/594] 2026-01-21: SKIPPED
[19:30:47] [77/594] 2026-01-20: SKIPPED
[19:30:47] [78/594] 2026-01-19: SKIPPED
[19:30:47] [79/594] 2026-01-18: SKIPPED
[19:30:47] [80/594] 2026-01-17: SKIPPED
[19:30:47] [81/594] 2026-01-16: SKIPPED
[19:30:47] [82/594] 2026-01-14: SKIPPED
[19:30:47] [83/594] 2026-01-13: SKIPPED
[19:30:47] [84/594] 2026-01-12: SKIPPED
[19:30:47] [85/594] 2026-01-11: SKIPPED
[19:30:47] [86/594] 2026-01-10: SKIPPED
[19:30:47] [87/594] 2026-01-09: SKIPPED
[19:30:47] [88/594] 2026-01-08: SKIPPED
[19:30:47] [89/594] 2026-01-06: SKIPPED
[19:30:47] [90/594] 2026-01-05: SKIPPED
[19:30:47] [91/594] 2026-01-04: SKIPPED
[19:30:47] [92/594] 2026-01-03: SKIPPED
[19:30:47] [93/594] 2026-01-02: SKIPPED
[19:30:47] [94/594] 2026-01-01: SKIPPED
[19:30:47] [95/594] 2025-gold: SKIPPED
[19:30:47] [96/594] 2025-12-pwcc: SKIPPED
[19:30:47] [97/594] 2025-12-pris: SKIPPED
[19:30:47] [98/594] 2025-12-31: SKIPPED
[19:30:47] [99/594] 2025-12-30: SKIPPED
[19:30:47] [100/594] 2025-12-29: SKIPPED
[19:30:47] [101/594] 2025-12-28: SKIPPED
[19:30:47] [102/594] 2025-12-27: SKIPPED
[19:30:47] [103/594] 2025-12-26: SKIPPED
[19:30:47] [104/594] 2025-12-25: SKIPPED
[19:30:47] [105/594] 2025-12-24: SKIPPED
[19:30:47] [106/594] 2025-12-23: SKIPPED
[19:30:47] [107/594] 2025-12-22: SKIPPED
[19:30:47] [108/594] 2025-12-21: SKIPPED
[19:30:47] [109/594] 2025-12-20: SKIPPED
[19:30:47] [110/594] 2025-12-19: SKIPPED
[19:30:47] [111/594] 2025-12-18: SKIPPED
[19:30:47] [112/594] 2025-12-17: SKIPPED
[19:30:47] [113/594] 2025-12-16: SKIPPED
[19:30:47] [114/594] 2025-12-15: SKIPPED
[19:30:47] [115/594] 2025-12-14: SKIPPED
[19:30:47] [116/594] 2025-12-13: SKIPPED
[19:30:47] [117/594] 2025-12-12: SKIPPED
[19:30:47] [118/594] 2025-12-11: SKIPPED
[19:30:47] [119/594] 2025-12-10: SKIPPED
[19:30:47] [120/594] 2025-12-09: SKIPPED
[19:30:47] [121/594] 2025-12-08: SKIPPED
[19:30:47] [122/594] 2025-12-07: SKIPPED
[19:30:47] [123/594] 2025-12-06: SKIPPED
[19:30:47] [124/594] 2025-12-05: SKIPPED
[19:30:47] [125/594] 2025-12-04: SKIPPED
[19:30:47] [126/594] 2025-12-03: SKIPPED
[19:30:48] [127/594] 2025-12-02: 200
[19:30:59] [128/594] 2025-12-01: 200
[19:31:02] [129/594] 2025-11-pwcc: 200
[19:31:05] [130/594] 2025-11-pris: 200
[19:31:17] [131/594] 2025-11-30: 200
[19:31:28] [132/594] 2025-11-29: 200
[19:31:38] [133/594] 2025-11-28: 200
[19:31:48] [134/594] 2025-11-27: 200
[19:31:58] [135/594] 2025-11-26: 200
[19:32:08] [136/594] 2025-11-25: 200
[19:32:20] [137/594] 2025-11-24: 200
[19:32:35] [138/594] 2025-11-23: 200
[19:32:45] [139/594] 2025-11-22: 200
[19:32:55] [140/594] 2025-11-21: 200
[19:33:05] [141/594] 2025-11-20: 200
[19:33:14] [142/594] 2025-11-19: 200
[19:33:26] [143/594] 2025-11-18: 200
[19:33:36] [144/594] 2025-11-17: 200
[19:33:47] [145/594] 2025-11-16: 200
[19:33:57] [146/594] 2025-11-15: 200
[19:34:07] [147/594] 2025-11-14: 200
[19:34:16] [148/594] 2025-11-13: 200
[19:34:26] [149/594] 2025-11-12: 200
[19:34:35] [150/594] 2025-11-11: 200
[19:34:45] [151/594] 2025-11-10: 200
[19:34:56] [152/594] 2025-11-09: 200
[19:35:06] [153/594] 2025-11-08: 200
[19:35:15] [154/594] 2025-11-07: 200
[19:35:24] [155/594] 2025-11-06: 200
[19:35:34] [156/594] 2025-11-05: 200
[19:35:43] [157/594] 2025-11-04: 200
[19:35:52] [158/594] 2025-11-03: 200
[19:36:03] [159/594] 2025-11-02: 200
[19:36:12] [160/594] 2025-11-01: 200
[19:36:21] [161/594] 2025-10-pwcc: 200
[19:36:23] [162/594] 2025-10-pris: 200
[19:36:31] [163/594] 2025-10-31: 200
[19:36:39] [164/594] 2025-10-30: 200
[19:36:47] [165/594] 2025-10-29: 200
[19:36:55] [166/594] 2025-10-28: 200
[19:37:04] [167/594] 2025-10-27: 200
[19:37:14] [168/594] 2025-10-26: 200
[19:37:21] [169/594] 2025-10-25: 200
[19:37:29] [170/594] 2025-10-24: 200
[19:37:38] [171/594] 2025-10-23: 200
[19:37:46] [172/594] 2025-10-22: 200
[19:37:54] [173/594] 2025-10-21: 200
[19:38:02] [174/594] 2025-10-20: 200
[19:38:11] [175/594] 2025-10-19: 200
[19:38:17] [176/594] 2025-10-18: 200
[19:38:24] [177/594] 2025-10-17: 200
[19:38:31] [178/594] 2025-10-16: 200
[19:38:38] [179/594] 2025-10-15: 200
[19:38:45] [180/594] 2025-10-14: 200
[19:38:53] [181/594] 2025-10-13: 200
[19:39:01] [182/594] 2025-10-12: 200
[19:39:07] [183/594] 2025-10-11: 200
[19:39:14] [184/594] 2025-10-10: 200
[19:39:21] [185/594] 2025-10-09: 200
[19:39:28] [186/594] 2025-10-08: 200
[19:39:35] [187/594] 2025-10-07: 200
[19:39:42] [188/594] 2025-10-06: 200
[19:39:50] [189/594] 2025-10-05: 200
[19:40:00] [190/594] 2025-10-04: 200
[19:40:07] [191/594] 2025-10-03: 200
[19:40:14] [192/594] 2025-10-02: 200
[19:40:20] [193/594] 2025-10-01: 200
[19:40:24] [194/594] 2025-09-pwcc: 200
[19:40:26] [195/594] 2025-09-pris: 200
[19:40:32] [196/594] 2025-09-30: 200
[19:40:39] [197/594] 2025-09-29: 200
[19:40:45] [198/594] 2025-09-28: 200
[19:40:50] [199/594] 2025-09-27: 200
[19:40:54] [200/594] 2025-09-26: 200
[19:40:59] [201/594] 2025-09-25: 200
[19:41:04] [202/594] 2025-09-24: 200
[19:41:10] [203/594] 2025-09-23: 200
[19:41:16] [204/594] 2025-09-22: 200
[19:41:22] [205/594] 2025-09-21: 200
[19:41:27] [206/594] 2025-09-20: 200
[19:41:32] [207/594] 2025-09-19: 200
[19:41:37] [208/594] 2025-09-18: 200
[19:41:43] [209/594] 2025-09-17: 200
[19:41:48] [210/594] 2025-09-16: 200
[19:41:53] [211/594] 2025-09-15: 200
[19:41:57] [212/594] 2025-09-14: 200
[19:42:03] [213/594] 2025-09-13: 200
[19:42:07] [214/594] 2025-09-12: 200
[19:42:12] [215/594] 2025-09-11: 200
[19:42:17] [216/594] 2025-09-10: 200
[19:42:21] [217/594] 2025-09-09: 200
[19:42:27] [218/594] 2025-09-08: 200
[19:42:32] [219/594] 2025-09-07: 200
[19:42:37] [220/594] 2025-09-06: 200
[19:42:41] [221/594] 2025-09-05: 200
[19:42:46] [222/594] 2025-09-04: 200
[19:42:51] [223/594] 2025-09-03: 200
[19:42:53] [224/594] 2025-09-02: 200
[19:42:58] [225/594] 2025-09-01: 200
[19:43:01] [226/594] 2025-08-pwcc: 200
[19:43:03] [227/594] 2025-08-pris: 200
[19:43:08] [228/594] 2025-08-31: 200
[19:43:13] [229/594] 2025-08-30: 200
[19:43:18] [230/594] 2025-08-29: 200
[19:43:23] [231/594] 2025-08-28: 200
[19:43:27] [232/594] 2025-08-27: 200
[19:43:32] [233/594] 2025-08-26: 200
[19:43:38] [234/594] 2025-08-25: 200
[19:43:43] [235/594] 2025-08-24: 200
[19:43:47] [236/594] 2025-08-23: 200
[19:43:52] [237/594] 2025-08-22: 200
[19:43:57] [238/594] 2025-08-21: 200
[19:44:02] [239/594] 2025-08-20: 200
[19:44:07] [240/594] 2025-08-19: 200
[19:44:12] [241/594] 2025-08-18: 200
[19:44:18] [242/594] 2025-08-17: 200
[19:44:22] [243/594] 2025-08-16: 200
[19:44:27] [244/594] 2025-08-15: 200
[19:44:32] [245/594] 2025-08-14: 200
[19:44:37] [246/594] 2025-08-13: 200
[19:44:42] [247/594] 2025-08-12: 200
[19:44:47] [248/594] 2025-08-11: 200
[19:44:51] [249/594] 2025-08-10: 200
[19:44:56] [250/594] 2025-08-09: 200
[19:45:00] [251/594] 2025-08-08: 200
[19:45:05] [252/594] 2025-08-07: 200
[19:45:10] [253/594] 2025-08-06: 200
[19:45:13] [254/594] 2025-08-05: 200
[19:45:15] [255/594] 2025-08-04: 200
[19:45:16] [256/594] 2025-08-03: 200
[19:45:17] [257/594] 2025-08-02: 200
[19:45:18] [258/594] 2025-08-01: 200
[19:45:21] [259/594] 2025-07-pwcc: 200
[19:45:23] [260/594] 2025-07-pris: 200
[19:45:29] [261/594] 2025-07-31: 200
[19:45:32] [262/594] 2025-07-30: 200
[19:45:37] [263/594] 2025-07-29: 200
[19:45:42] [264/594] 2025-07-28: 200
[19:45:47] [265/594] 2025-07-27: 200
[19:50:48] [266/594] 2025-07-26: 504
[19:55:48] [267/594] 2025-07-25: 504
[20:00:48] [268/594] 2025-07-24: 504
[20:02:11] [269/594] 2025-07-23: 200
[20:02:16] [270/594] 2025-07-22: 200
[20:02:17] [271/594] 2025-07-21: 200
[20:02:18] [272/594] 2025-07-20: 200
[20:02:19] [273/594] 2025-07-19: 200
[20:02:20] [274/594] 2025-07-18: 200
[20:02:22] [275/594] 2025-07-17: 200
[20:02:23] [276/594] 2025-07-16: 200
[20:02:24] [277/594] 2025-07-15: 200
[20:02:25] [278/594] 2025-07-14: 200
[20:02:27] [279/594] 2025-07-13: 200
[20:02:28] [280/594] 2025-07-12: 200
[20:02:29] [281/594] 2025-07-11: 200
[20:02:30] [282/594] 2025-07-10: 200
[20:02:32] [283/594] 2025-07-09: 200
[20:02:33] [284/594] 2025-07-08: 200
[20:02:34] [285/594] 2025-07-07: 200
[20:02:35] [286/594] 2025-07-06: 200
[20:02:36] [287/594] 2025-07-05: 200
[20:02:38] [288/594] 2025-07-04: 200
[20:02:39] [289/594] 2025-07-03: 200
[20:02:40] [290/594] 2025-07-02: 200
[20:02:41] [291/594] 2025-07-01: 200
[20:02:44] [292/594] 2025-06-pwcc: 200
[20:02:46] [293/594] 2025-06-pris: 200
[20:02:47] [294/594] 2025-06-30: 200
[20:02:49] [295/594] 2025-06-29: 200
[20:02:50] [296/594] 2025-06-28: 200
[20:02:51] [297/594] 2025-06-27: 200
[20:02:53] [298/594] 2025-06-26: 200
[20:02:54] [299/594] 2025-06-25: 200
[20:02:55] [300/594] 2025-06-24: 200
[20:02:56] [301/594] 2025-06-23: 200
[20:02:58] [302/594] 2025-06-22: 200
[20:02:59] [303/594] 2025-06-21: 200
[20:03:00] [304/594] 2025-06-20: 200
[20:03:01] [305/594] 2025-06-19: 200
[20:03:02] [306/594] 2025-06-18: 200
[20:03:04] [307/594] 2025-06-17: 200
[20:03:05] [308/594] 2025-06-16: 200
[20:03:06] [309/594] 2025-06-15: 200
[20:03:08] [310/594] 2025-06-14: 200
[20:03:09] [311/594] 2025-06-13: 200
[20:03:10] [312/594] 2025-06-12: 200
[20:03:11] [313/594] 2025-06-11: 200
[20:03:12] [314/594] 2025-06-10: 200
[20:03:14] [315/594] 2025-06-09: 200
[20:03:15] [316/594] 2025-06-08: 200
[20:03:16] [317/594] 2025-06-07: 200
[20:03:17] [318/594] 2025-06-06: 200
[20:03:18] [319/594] 2025-06-05: 200
[20:03:20] [320/594] 2025-06-04: 200
[20:03:21] [321/594] 2025-06-03: 200
[20:03:22] [322/594] 2025-06-02: 200
[20:03:23] [323/594] 2025-06-01: 200
[20:03:26] [324/594] 2025-05-pwcc: 200
[20:03:28] [325/594] 2025-05-pris: 200
[20:03:29] [326/594] 2025-05-31: 200
[20:03:30] [327/594] 2025-05-30: 200
[20:03:31] [328/594] 2025-05-29: 200
[20:03:33] [329/594] 2025-05-28: 200
[20:03:34] [330/594] 2025-05-27: 200
[20:03:35] [331/594] 2025-05-26: 200
[20:03:36] [332/594] 2025-05-25: 200
[20:03:37] [333/594] 2025-05-24: 200
[20:03:38] [334/594] 2025-05-23: 200
[20:03:40] [335/594] 2025-05-22: 200
[20:03:41] [336/594] 2025-05-21: 200
[20:03:42] [337/594] 2025-05-20: 200
[20:03:43] [338/594] 2025-05-19: 200
[20:03:45] [339/594] 2025-05-18: 200
[20:03:46] [340/594] 2025-05-17: 200
[20:03:47] [341/594] 2025-05-16: 200
[20:03:48] [342/594] 2025-05-15: 200
[20:03:50] [343/594] 2025-05-14: 200
[20:03:51] [344/594] 2025-05-13: 200
[20:03:52] [345/594] 2025-05-12: 200
[20:03:53] [346/594] 2025-05-11: 200
[20:03:54] [347/594] 2025-05-10: 200
[20:03:56] [348/594] 2025-05-09: 200
[20:03:57] [349/594] 2025-05-08: 200
[20:03:58] [350/594] 2025-05-07: 200
[20:03:59] [351/594] 2025-05-06: 200
[20:04:01] [352/594] 2025-05-05: 200
[20:04:02] [353/594] 2025-05-04: 200
[20:04:03] [354/594] 2025-05-02: 200
[20:04:04] [355/594] 2025-05-01: 200
[20:04:07] [356/594] 2025-04-pwcc: 200
[20:04:10] [357/594] 2025-04-pris: 200
[20:04:11] [358/594] 2025-04-30: 200
[20:04:12] [359/594] 2025-04-29: 200
[20:04:14] [360/594] 2025-04-28: 200
[20:04:15] [361/594] 2025-04-27: 200
[20:04:16] [362/594] 2025-04-26: 200
[20:04:17] [363/594] 2025-04-25: 200
[20:04:18] [364/594] 2025-04-24: 200
[20:04:19] [365/594] 2025-04-23: 200
[20:04:21] [366/594] 2025-04-22: 200
[20:04:22] [367/594] 2025-04-21: 200
[20:04:23] [368/594] 2025-04-20: 200
[20:04:24] [369/594] 2025-04-19: 200
[20:04:25] [370/594] 2025-04-18: 200
[20:04:27] [371/594] 2025-04-17: 200
[20:04:28] [372/594] 2025-04-16: 200
[20:04:29] [373/594] 2025-04-15: 200
[20:04:30] [374/594] 2025-04-14: 200
[20:04:32] [375/594] 2025-04-13: 200
[20:04:33] [376/594] 2025-04-12: 200
[20:04:34] [377/594] 2025-04-11: 200
[20:04:35] [378/594] 2025-04-10: 200
[20:04:37] [379/594] 2025-04-09: 200
[20:04:38] [380/594] 2025-04-08: 200
[20:04:39] [381/594] 2025-04-07: 200
[20:04:40] [382/594] 2025-04-06: 200
[20:04:41] [383/594] 2025-04-05: 200
[20:04:43] [384/594] 2025-04-04: 200
[20:04:44] [385/594] 2025-04-03: 200
[20:04:45] [386/594] 2025-04-02: 200
[20:04:47] [387/594] 2025-04-01: 200
[20:04:49] [388/594] 2025-03-pwcc: 200
[20:04:53] [389/594] 2025-03-pris: 200
[20:04:54] [390/594] 2025-03-31: 200
[20:04:55] [391/594] 2025-03-30: 200
[20:04:57] [392/594] 2025-03-29: 200
[20:04:58] [393/594] 2025-03-28: 200
[20:04:59] [394/594] 2025-03-27: 200
[20:05:00] [395/594] 2025-03-26: 200
[20:05:02] [396/594] 2025-03-25: 200
[20:05:03] [397/594] 2025-03-24: 200
[20:05:04] [398/594] 2025-03-23: 200
[20:05:05] [399/594] 2025-03-22: 200
[20:05:07] [400/594] 2025-03-21: 200
[20:05:08] [401/594] 2025-03-20: 200
[20:05:09] [402/594] 2025-03-19: 200
[20:05:10] [403/594] 2025-03-18: 200
[20:05:11] [404/594] 2025-03-17: 200
[20:05:13] [405/594] 2025-03-16: 200
[20:05:14] [406/594] 2025-03-15: 200
[20:05:15] [407/594] 2025-03-14: 200
[20:05:16] [408/594] 2025-03-13: 200
[20:05:17] [409/594] 2025-03-12: 200
[20:05:18] [410/594] 2025-03-11: 200
[20:05:20] [411/594] 2025-03-10: 200
[20:05:21] [412/594] 2025-03-09: 200
[20:05:22] [413/594] 2025-03-08: 200
[20:05:23] [414/594] 2025-03-07: 200
[20:05:25] [415/594] 2025-03-06: 200
[20:05:26] [416/594] 2025-03-05: 200
[20:05:31] [417/594] 2025-03-04: 200
[20:05:37] [418/594] 2025-03-03: 200
[20:05:42] [419/594] 2025-03-02: 200
[20:05:47] [420/594] 2025-03-01: 200
[20:05:50] [421/594] 2025-02-pwcc: 200
[20:05:53] [422/594] 2025-02-pris: 200
[20:05:57] [423/594] 2025-02-28: 200
[20:06:02] [424/594] 2025-02-27: 200
[20:06:03] [425/594] 2025-02-26: 200
[20:06:05] [426/594] 2025-02-25: 200
[20:06:06] [427/594] 2025-02-24: 200
[20:06:07] [428/594] 2025-02-23: 200
[20:06:08] [429/594] 2025-02-22: 200
[20:06:10] [430/594] 2025-02-21: 200
[20:06:11] [431/594] 2025-02-20: 200
[20:06:12] [432/594] 2025-02-19: 200
[20:06:13] [433/594] 2025-02-18: 200
[20:06:15] [434/594] 2025-02-17: 200
[20:06:16] [435/594] 2025-02-16: 200
[20:06:17] [436/594] 2025-02-15: 200
[20:06:18] [437/594] 2025-02-14: 200
[20:06:19] [438/594] 2025-02-13: 200
[20:06:21] [439/594] 2025-02-12: 200
[20:06:22] [440/594] 2025-02-11: 200
[20:06:23] [441/594] 2025-02-10: 200
[20:06:24] [442/594] 2025-02-09: 200
[20:06:25] [443/594] 2025-02-08: 200
[20:06:27] [444/594] 2025-02-07: 200
[20:06:28] [445/594] 2025-02-06: 200
[20:06:29] [446/594] 2025-02-05: 200
[20:06:30] [447/594] 2025-02-04: 200
[20:06:32] [448/594] 2025-02-03: 200
[20:06:33] [449/594] 2025-02-02: 200
[20:06:34] [450/594] 2025-02-01: 200
[20:06:36] [451/594] 2025-01-pwcc: 200
[20:06:39] [452/594] 2025-01-pris: 200
[20:06:40] [453/594] 2025-01-31: 200
[20:06:42] [454/594] 2025-01-30: 200
[20:06:43] [455/594] 2025-01-29: 200
[20:06:44] [456/594] 2025-01-28: 200
[20:06:45] [457/594] 2025-01-27: 200
[20:06:46] [458/594] 2025-01-26: 200
[20:06:48] [459/594] 2025-01-25: 200
[20:06:49] [460/594] 2025-01-24: 200
[20:06:50] [461/594] 2025-01-23: 200
[20:06:51] [462/594] 2025-01-22: 200
[20:06:52] [463/594] 2025-01-21: 200
[20:06:54] [464/594] 2025-01-20: 200
[20:06:55] [465/594] 2025-01-19: 200
[20:06:56] [466/594] 2025-01-18: 200
[20:06:57] [467/594] 2025-01-17: 200
[20:06:58] [468/594] 2025-01-16: 200
[20:07:00] [469/594] 2025-01-15: 200
[20:07:01] [470/594] 2025-01-14: 200
[20:07:02] [471/594] 2025-01-13: 200
[20:07:03] [472/594] 2025-01-12: 200
[20:07:05] [473/594] 2025-01-11: 200
[20:07:06] [474/594] 2025-01-10: 200
[20:07:07] [475/594] 2025-01-09: 200
[20:07:08] [476/594] 2025-01-08: 200
[20:07:10] [477/594] 2025-01-07: 200
[20:07:11] [478/594] 2025-01-06: 200
[20:07:12] [479/594] 2025-01-05: 200
[20:07:13] [480/594] 2025-01-04: 200
[20:07:15] [481/594] 2025-01-03: 200
[20:07:16] [482/594] 2025-01-02: 200
[20:07:17] [483/594] 2025-01-01: 200
[20:07:18] [484/594] 2024-ms: 200
[20:07:20] [485/594] 2024-heritage: 200
[20:07:24] [486/594] 2024-gold: 200
[20:07:27] [487/594] 2024-12-pwcc: 200
[20:07:30] [488/594] 2024-12-pris: 200
[20:07:33] [489/594] 2024-11-pwcc: 200
[20:07:36] [490/594] 2024-11-pris: 200
[20:07:38] [491/594] 2024-10-pwcc: 200
[20:07:41] [492/594] 2024-10-pris: 200
[20:07:44] [493/594] 2024-09-pwcc: 200
[20:07:47] [494/594] 2024-09-pris: 200
[20:07:49] [495/594] 2024-08-pwcc: 200
[20:07:52] [496/594] 2024-08-pris: 200
[20:07:54] [497/594] 2024-07-pwcc: 200
[20:07:57] [498/594] 2024-07-pris: 200
[20:08:00] [499/594] 2024-06-pwcc: 200
[20:08:03] [500/594] 2024-06-pris: 200
[20:08:05] [501/594] 2024-05-pwcc: 200
[20:08:08] [502/594] 2024-05-pris: 200
[20:08:11] [503/594] 2024-04-pwcc: 200
[20:08:14] [504/594] 2024-04-pris: 200
[20:08:16] [505/594] 2024-03-pwcc: 200
[20:08:19] [506/594] 2024-03-pris: 200
[20:08:21] [507/594] 2024-02-pwcc: 200
[20:08:23] [508/594] 2024-02-pris: 200
[20:08:26] [509/594] 2024-01-pwcc: 200
[20:08:29] [510/594] 2024-01-pris: 200
[20:08:30] [511/594] 2023-ms: 200
[20:08:32] [512/594] 2023-heritage: 200
[20:08:38] [513/594] 2023-gold: 200
[20:08:40] [514/594] 2023-12-pwcc: 200
[20:08:43] [515/594] 2023-12-pris: 200
[20:08:46] [516/594] 2023-11-pwcc: 200
[20:08:49] [517/594] 2023-11-pris: 200
[20:08:51] [518/594] 2023-10-pwcc: 200
[20:08:54] [519/594] 2023-10-pris: 200
[20:08:56] [520/594] 2023-09-pwcc: 200
[20:08:59] [521/594] 2023-09-pris: 200
[20:09:01] [522/594] 2023-08-pwcc: 200
[20:09:04] [523/594] 2023-08-pris: 200
[20:09:07] [524/594] 2023-07-pwcc: 200
[20:09:10] [525/594] 2023-07-pris: 200
[20:09:12] [526/594] 2023-06-pwcc: 200
[20:09:15] [527/594] 2023-06-pris: 200
[20:09:18] [528/594] 2023-05-pwcc: 200
[20:09:21] [529/594] 2023-05-pris: 200
[20:09:23] [530/594] 2023-04-pwcc: 200
[20:09:26] [531/594] 2023-04-pris: 200
[20:09:28] [532/594] 2023-03-pwcc: 200
[20:09:31] [533/594] 2023-03-pris: 200
[20:09:34] [534/594] 2023-02-pwcc: 200
[20:09:36] [535/594] 2023-02-pris: 200
[20:09:38] [536/594] 2023-01-pwcc: 200
[20:09:41] [537/594] 2023-01-pris: 200
[20:09:43] [538/594] 2022-ms: 200
[20:09:46] [539/594] 2022-gold: 200
[20:09:48] [540/594] 2022-12-pwcc: 200
[20:09:51] [541/594] 2022-12-pris: 200
[20:09:53] [542/594] 2022-11-pwcc: 200
[20:09:56] [543/594] 2022-11-pris: 200
[20:09:58] [544/594] 2022-10-pwcc: 200
[20:10:01] [545/594] 2022-10-pris: 200
[20:10:03] [546/594] 2022-09-pwcc: 200
[20:10:06] [547/594] 2022-09-pris: 200
[20:10:09] [548/594] 2022-08-pwcc: 200
[20:10:11] [549/594] 2022-08-pris: 200
[20:10:13] [550/594] 2022-07-pwcc: 200
[20:10:16] [551/594] 2022-07-pris: 200
[20:10:18] [552/594] 2022-06-pwcc: 200
[20:10:21] [553/594] 2022-06-pris: 200
[20:10:23] [554/594] 2022-05-pwcc: 200
[20:10:26] [555/594] 2022-05-pris: 200
[20:10:28] [556/594] 2022-04-pwcc: 200
[20:10:31] [557/594] 2022-04-pris: 200
[20:10:32] [558/594] 2022-03-pwcc: 200
[20:10:35] [559/594] 2022-03-pris: 200
[20:10:36] [560/594] 2022-02-pwcc: 200
[20:10:39] [561/594] 2022-02-pris: 200
[20:10:40] [562/594] 2022-01-pwcc: 200
[20:10:42] [563/594] 2022-01-pris: 200
[20:10:43] [564/594] 2021-ms: 200
[20:10:44] [565/594] 2021-gold: 200
[20:10:46] [566/594] 2021-12-pwcc: 200
[20:10:49] [567/594] 2021-12-pris: 200
[20:10:51] [568/594] 2021-11-pwcc: 200
[20:10:52] [569/594] 2021-11-pris: 200
[20:10:55] [570/594] 2021-10-pwcc: 200
[20:10:56] [571/594] 2021-10-pris: 200
[20:10:57] [572/594] 2021-09-pwcc: 200
[20:10:58] [573/594] 2021-08-pwcc: 200
[20:11:01] [574/594] 2021-07-pwcc: 200
[20:11:03] [575/594] 2021-06-pwcc: 200
[20:11:05] [576/594] 2021-05-pwcc: 200
[20:11:08] [577/594] 2021-04-pwcc: 200
[20:11:10] [578/594] 2021-03-pwcc: 200
[20:11:12] [579/594] 2021-02-pwcc: 200
[20:11:14] [580/594] 2021-01-pwcc: 200
[20:11:21] [581/594] 2020-pwcc: 200
[20:11:22] [582/594] 2020-ms: 200
[20:11:25] [583/594] 2019-pwcc: 200
[20:11:26] [584/594] 2018-pwcc: 200
[20:11:27] [585/594] 2017-pwcc: 200
[20:11:29] [586/594] 2016-pwcc: 200
[20:11:30] [587/594] 2015-pwcc: 200
[20:11:31] [588/594] 2014-pwcc: 200
[20:11:32] [589/594] 2013-pwcc: 200
[20:11:33] [590/594] 2012-pwcc: 200
[20:11:35] [591/594] 2011-pwcc: 200
[20:11:36] [592/594] 2010-pwcc: 200
[20:11:37] [593/594] 2009-pwcc: 200
[20:11:38] [594/594] 2008-pwcc: 200

[20:11:38] Done. All 594 indices warmed.
