[21:59:14] [1/594] 2026-ms: SKIPPED
[21:59:14] [2/594] 2026-gold: SKIPPED
[21:59:14] [3/594] 2026-03-pwcc: SKIPPED
[21:59:14] [4/594] 2026-03-pris: SKIPPED
[21:59:14] [5/594] 2026-03-30: SKIPPED
[21:59:14] [6/594] 2026-03-29: SKIPPED
[21:59:14] [7/594] 2026-03-28: SKIPPED
[21:59:14] [8/594] 2026-03-27: SKIPPED
[21:59:14] [9/594] 2026-03-26: SKIPPED
[21:59:14] [10/594] 2026-03-25: SKIPPED
[21:59:14] [11/594] 2026-03-24: SKIPPED
[21:59:14] [12/594] 2026-03-23: SKIPPED
[21:59:14] [13/594] 2026-03-22: SKIPPED
[21:59:14] [14/594] 2026-03-21: SKIPPED
[21:59:14] [15/594] 2026-03-20: SKIPPED
[21:59:14] [16/594] 2026-03-19: SKIPPED
[21:59:14] [17/594] 2026-03-18: SKIPPED
[21:59:14] [18/594] 2026-03-17: SKIPPED
[21:59:14] [19/594] 2026-03-16: SKIPPED
[21:59:14] [20/594] 2026-03-15: SKIPPED
[21:59:14] [21/594] 2026-03-14: SKIPPED
[21:59:14] [22/594] 2026-03-13: SKIPPED
[21:59:14] [23/594] 2026-03-12: SKIPPED
[21:59:14] [24/594] 2026-03-11: SKIPPED
[21:59:14] [25/594] 2026-03-10: SKIPPED
[21:59:14] [26/594] 2026-03-09: SKIPPED
[21:59:14] [27/594] 2026-03-08: SKIPPED
[21:59:14] [28/594] 2026-03-07: SKIPPED
[21:59:14] [29/594] 2026-03-06: SKIPPED
[21:59:14] [30/594] 2026-03-05: SKIPPED
[21:59:14] [31/594] 2026-03-04: SKIPPED
[21:59:14] [32/594] 2026-03-03: SKIPPED
[21:59:14] [33/594] 2026-03-02: SKIPPED
[21:59:14] [34/594] 2026-03-01: SKIPPED
[21:59:14] [35/594] 2026-02-pwcc: SKIPPED
[21:59:14] [36/594] 2026-02-pris: SKIPPED
[21:59:14] [37/594] 2026-02-28: SKIPPED
[21:59:14] [38/594] 2026-02-27: SKIPPED
[21:59:14] [39/594] 2026-02-26: SKIPPED
[21:59:14] [40/594] 2026-02-25: SKIPPED
[21:59:14] [41/594] 2026-02-24: SKIPPED
[21:59:14] [42/594] 2026-02-23: SKIPPED
[21:59:14] [43/594] 2026-02-22: SKIPPED
[21:59:14] [44/594] 2026-02-21: SKIPPED
[21:59:14] [45/594] 2026-02-20: SKIPPED
[21:59:14] [46/594] 2026-02-19: SKIPPED
[21:59:14] [47/594] 2026-02-18: SKIPPED
[21:59:14] [48/594] 2026-02-17: SKIPPED
[21:59:14] [49/594] 2026-02-16: SKIPPED
[21:59:14] [50/594] 2026-02-15: SKIPPED
[21:59:14] [51/594] 2026-02-14: SKIPPED
[21:59:14] [52/594] 2026-02-13: SKIPPED
[21:59:14] [53/594] 2026-02-12: SKIPPED
[21:59:14] [54/594] 2026-02-11: SKIPPED
[21:59:14] [55/594] 2026-02-10: SKIPPED
[21:59:14] [56/594] 2026-02-09: SKIPPED
[21:59:14] [57/594] 2026-02-08: SKIPPED
[21:59:14] [58/594] 2026-02-07: SKIPPED
[21:59:14] [59/594] 2026-02-06: SKIPPED
[21:59:14] [60/594] 2026-02-05: SKIPPED
[21:59:14] [61/594] 2026-02-04: SKIPPED
[21:59:14] [62/594] 2026-02-02: SKIPPED
[21:59:14] [63/594] 2026-02-01: SKIPPED
[21:59:14] [64/594] 2026-01-pwcc: SKIPPED
[21:59:14] [65/594] 2026-01-pris: SKIPPED
[21:59:14] [66/594] 2026-01-31: SKIPPED
[21:59:14] [67/594] 2026-01-30: SKIPPED
[21:59:14] [68/594] 2026-01-29: SKIPPED
[21:59:14] [69/594] 2026-01-28: SKIPPED
[21:59:14] [70/594] 2026-01-27: SKIPPED
[21:59:14] [71/594] 2026-01-26: SKIPPED
[21:59:14] [72/594] 2026-01-25: SKIPPED
[21:59:14] [73/594] 2026-01-24: SKIPPED
[21:59:14] [74/594] 2026-01-23: SKIPPED
[21:59:14] [75/594] 2026-01-22: SKIPPED
[21:59:14] [76/594] 2026-01-21: SKIPPED
[21:59:14] [77/594] 2026-01-20: SKIPPED
[21:59:14] [78/594] 2026-01-19: SKIPPED
[21:59:14] [79/594] 2026-01-18: SKIPPED
[21:59:14] [80/594] 2026-01-17: SKIPPED
[21:59:14] [81/594] 2026-01-16: SKIPPED
[21:59:14] [82/594] 2026-01-14: SKIPPED
[21:59:14] [83/594] 2026-01-13: SKIPPED
[21:59:14] [84/594] 2026-01-12: SKIPPED
[21:59:14] [85/594] 2026-01-11: SKIPPED
[21:59:14] [86/594] 2026-01-10: SKIPPED
[21:59:14] [87/594] 2026-01-09: SKIPPED
[21:59:14] [88/594] 2026-01-08: SKIPPED
[21:59:14] [89/594] 2026-01-06: SKIPPED
[21:59:14] [90/594] 2026-01-05: SKIPPED
[21:59:14] [91/594] 2026-01-04: SKIPPED
[21:59:14] [92/594] 2026-01-03: SKIPPED
[21:59:14] [93/594] 2026-01-02: SKIPPED
[21:59:14] [94/594] 2026-01-01: SKIPPED
[21:59:14] [95/594] 2025-gold: SKIPPED
[21:59:14] [96/594] 2025-12-pwcc: SKIPPED
[21:59:14] [97/594] 2025-12-pris: SKIPPED
[21:59:14] [98/594] 2025-12-31: SKIPPED
[21:59:14] [99/594] 2025-12-30: SKIPPED
[21:59:14] [100/594] 2025-12-29: SKIPPED
[21:59:14] [101/594] 2025-12-28: SKIPPED
[21:59:14] [102/594] 2025-12-27: SKIPPED
[21:59:14] [103/594] 2025-12-26: SKIPPED
[21:59:14] [104/594] 2025-12-25: SKIPPED
[21:59:14] [105/594] 2025-12-24: SKIPPED
[21:59:14] [106/594] 2025-12-23: SKIPPED
[21:59:14] [107/594] 2025-12-22: SKIPPED
[21:59:14] [108/594] 2025-12-21: SKIPPED
[21:59:14] [109/594] 2025-12-20: SKIPPED
[21:59:14] [110/594] 2025-12-19: SKIPPED
[21:59:14] [111/594] 2025-12-18: SKIPPED
[21:59:14] [112/594] 2025-12-17: SKIPPED
[21:59:14] [113/594] 2025-12-16: SKIPPED
[21:59:14] [114/594] 2025-12-15: SKIPPED
[21:59:14] [115/594] 2025-12-14: SKIPPED
[21:59:14] [116/594] 2025-12-13: SKIPPED
[21:59:14] [117/594] 2025-12-12: SKIPPED
[21:59:14] [118/594] 2025-12-11: SKIPPED
[21:59:14] [119/594] 2025-12-10: SKIPPED
[21:59:14] [120/594] 2025-12-09: SKIPPED
[21:59:14] [121/594] 2025-12-08: SKIPPED
[21:59:14] [122/594] 2025-12-07: SKIPPED
[21:59:14] [123/594] 2025-12-06: SKIPPED
[21:59:14] [124/594] 2025-12-05: SKIPPED
[21:59:14] [125/594] 2025-12-04: SKIPPED
[21:59:14] [126/594] 2025-12-03: SKIPPED
[21:59:14] [127/594] 2025-12-02: SKIPPED
[21:59:14] [128/594] 2025-12-01: SKIPPED
[21:59:14] [129/594] 2025-11-pwcc: SKIPPED
[21:59:14] [130/594] 2025-11-pris: SKIPPED
[21:59:14] [131/594] 2025-11-30: SKIPPED
[21:59:14] [132/594] 2025-11-29: SKIPPED
[21:59:14] [133/594] 2025-11-28: SKIPPED
[21:59:14] [134/594] 2025-11-27: SKIPPED
[21:59:14] [135/594] 2025-11-26: SKIPPED
[21:59:14] [136/594] 2025-11-25: SKIPPED
[21:59:14] [22:01:09] [152/594] 2025-11-09: 504
14] [138/594] 2025-11-23: SKIPPED
[21:59:14] [139/594] 2025-11-22: SKIPPED
[21:59:14] [140/594] 2025-11-21: SKIPPED
[21:59:14] [141/594] 2025-11-20: SKIPPED
[21:59:14] [142/594] 2025-11-19: SKIPPED
[21:59:14] [143/594] 2025-11-18: SKIPPED
[21:59:14] [144/594] 2025-11-17: SKIPPED
[21:59:14] [145/594] 2025-11-16: SKIPPED
[21:59:14] [146/594] 2025-11-15: SKIPPED
[21:59:14] [147/594] 2025-11-14: SKIPPED
[21:59:19] [148/594] 2025-11-13: 200
[21:59:21] [149/594] 2025-11-12: 200
[22:00:57] [150/594] 2025-11-11: 504
[22:00:58] [151/594] 2025-11-10: 200
