[10:22:17] [1/594] 2026-ms: 200
[10:22:18] [2/594] 2026-gold: 200
[10:22:19] [3/594] 2026-03-pwcc: 200
[10:22:20] [4/594] 2026-03-pris: 200
[10:22:23] [5/594] 2026-03-30: 200
[10:22:32] [6/594] 2026-03-29: 200
[10:22:40] [7/594] 2026-03-28: 200
[10:22:48] [8/594] 2026-03-27: 200
[10:22:56] [9/594] 2026-03-26: 200
[10:23:04] [10/594] 2026-03-25: 200
[10:23:12] [11/594] 2026-03-24: 200
[10:23:21] [12/594] 2026-03-23: 200
[10:23:29] [13/594] 2026-03-22: 200
[10:23:37] [14/594] 2026-03-21: 200
[10:23:45] [15/594] 2026-03-20: 200
[10:23:53] [16/594] 2026-03-19: 200
[10:24:01] [17/594] 2026-03-18: 200
[10:24:09] [18/594] 2026-03-17: 200
[10:24:18] [19/594] 2026-03-16: 200
[10:24:29] [20/594] 2026-03-15: 200
[10:24:38] [21/594] 2026-03-14: 200
[10:24:47] [22/594] 2026-03-13: 200
[10:24:55] [23/594] 2026-03-12: 200
[10:25:02] [24/594] 2026-03-11: 200
[10:25:09] [25/594] 2026-03-10: 200
[10:25:17] [26/594] 2026-03-09: 200
[10:25:26] [27/594] 2026-03-08: 200
[10:25:34] [28/594] 2026-03-07: 200
[10:25:41] [29/594] 2026-03-06: 200
[10:25:49] [30/594] 2026-03-05: 200
[10:25:56] [31/594] 2026-03-04: 200
[10:26:08] [32/594] 2026-03-03: 200
[10:26:16] [33/594] 2026-03-02: 200
[10:26:27] [34/594] 2026-03-01: 200
[10:26:31] [35/594] 2026-02-pwcc: 200
[10:26:33] [36/594] 2026-02-pris: 200
[10:26:39] [37/594] 2026-02-28: 200
[10:26:50] [38/594] 2026-02-27: 200
[10:27:00] [39/594] 2026-02-26: 200
[10:27:10] [40/594] 2026-02-25: 200
[10:27:24] [41/594] 2026-02-24: 200
[10:27:36] [42/594] 2026-02-23: 200
[10:27:51] [43/594] 2026-02-22: 200
[10:28:07] [44/594] 2026-02-21: 200
[10:28:19] [45/594] 2026-02-20: 200
[10:28:30] [46/594] 2026-02-19: 200
[10:28:40] [47/594] 2026-02-18: 200
[10:28:49] [48/594] 2026-02-17: 200
[10:29:01] [49/594] 2026-02-16: 200
[10:29:14] [50/594] 2026-02-15: 200
[10:29:23] [51/594] 2026-02-14: 200
[10:29:35] [52/594] 2026-02-13: 200
[10:29:45] [53/594] 2026-02-12: 200
[10:29:56] [54/594] 2026-02-11: 200
[10:30:06] [55/594] 2026-02-10: 200
[10:30:18] [56/594] 2026-02-09: 200
[10:30:30] [57/594] 2026-02-08: 200
[10:30:41] [58/594] 2026-02-07: 200
[10:30:53] [59/594] 2026-02-06: 200
[10:31:03] [60/594] 2026-02-05: 200
[10:31:13] [61/594] 2026-02-04: 200
[10:31:20] [62/594] 2026-02-02: 200
[10:31:34] [63/594] 2026-02-01: 200
[10:31:37] [64/594] 2026-01-pwcc: 200
[10:31:40] [65/594] 2026-01-pris: 200
[10:31:54] [66/594] 2026-01-31: 200
[10:32:09] [67/594] 2026-01-30: 200
[10:32:19] [68/594] 2026-01-29: 200
[10:32:30] [69/594] 2026-01-28: 200
[10:32:41] [70/594] 2026-01-27: 200
[10:32:51] [71/594] 2026-01-26: 200
[10:33:02] [72/594] 2026-01-25: 200
[10:33:13] [73/594] 2026-01-24: 200
[10:33:25] [74/594] 2026-01-23: 200
[10:33:36] [75/594] 2026-01-22: 200
[10:33:46] [76/594] 2026-01-21: 200
[10:33:57] [77/594] 2026-01-20: 200
[10:34:04] [78/594] 2026-01-19: 200
[10:34:17] [79/594] 2026-01-18: 200
[10:34:28] [80/594] 2026-01-17: 200
[10:34:39] [81/594] 2026-01-16: 200
[10:34:50] [82/594] 2026-01-14: 200
[10:35:00] [83/594] 2026-01-13: 200
[10:35:12] [84/594] 2026-01-12: 200
[10:35:24] [85/594] 2026-01-11: 200
[10:35:35] [86/594] 2026-01-10: 200
[10:35:45] [87/594] 2026-01-09: 200
[10:35:56] [88/594] 2026-01-08: 200
[10:36:07] [89/594] 2026-01-06: 200
[10:36:19] [90/594] 2026-01-05: 200
[10:36:31] [91/594] 2026-01-04: 200
[10:36:40] [92/594] 2026-01-03: 200
[10:36:46] [93/594] 2026-01-02: 200
[10:36:55] [94/594] 2026-01-01: 200
[10:36:57] [95/594] 2025-gold: 200
[10:37:00] [96/594] 2025-12-pwcc: 200
[10:37:03] [97/594] 2025-12-pris: 200
[10:37:14] [98/594] 2025-12-31: 200
[10:37:24] [99/594] 2025-12-30: 200
[10:37:34] [100/594] 2025-12-29: 200
[10:37:44] [101/594] 2025-12-28: 200
[10:37:55] [102/594] 2025-12-27: 200
[10:38:29] [103/594] 2025-12-26: 200
[10:38:39] [104/594] 2025-12-25: 200
[10:38:49] [105/594] 2025-12-24: 200
[10:38:56] [106/594] 2025-12-23: 200
[10:39:09] [107/594] 2025-12-22: 200
[10:39:25] [108/594] 2025-12-21: 200
[10:39:38] [109/594] 2025-12-20: 200
[10:39:50] [110/594] 2025-12-19: 200
[10:40:05] [111/594] 2025-12-18: 200
[10:40:14] [112/594] 2025-12-17: 200
[10:40:27] [113/594] 2025-12-16: 200
[10:40:43] [114/594] 2025-12-15: 200
[10:40:55] [115/594] 2025-12-14: 200
[10:41:08] [116/594] 2025-12-13: 200
[10:41:20] [117/594] 2025-12-12: 200
[10:41:31] [118/594] 2025-12-11: 200
[10:41:47] [119/594] 2025-12-10: 200
[10:42:01] [120/594] 2025-12-09: 200
[10:42:16] [121/594] 2025-12-08: 200
[10:42:28] [122/594] 2025-12-07: 200
[10:42:38] [123/594] 2025-12-06: 200
[10:42:49] [124/594] 2025-12-05: 200
[10:43:01] [125/594] 2025-12-04: 200
[10:43:12] [126/594] 2025-12-03: 200
[10:43:40] [127/594] 2025-12-02: 200
[10:43:51] [128/594] 2025-12-01: 200
[10:43:54] [129/594] 2025-11-pwcc: 200
[10:43:57] [130/594] 2025-11-pris: 200
[10:44:09] [131/594] 2025-11-30: 200
[10:44:22] [132/594] 2025-11-29: 200
[10:44:35] [133/594] 2025-11-28: 200
[10:44:47] [134/594] 2025-11-27: 200
[10:45:00] [135/594] 2025-11-26: 200
[10:45:13] [136/594] 2025-11-25: 200
[10:45:25] [137/594] 2025-11-24: 200
[10:45:38] [138/594] 2025-11-23: 200
[10:45:48] [139/594] 2025-11-22: 200
[10:45:57] [140/594] 2025-11-21: 200
[10:46:07] [141/594] 2025-11-20: 200
[10:46:16] [142/594] 2025-11-19: 200
[10:46:27] [143/594] 2025-11-18: 200
[10:46:38] [144/594] 2025-11-17: 200
[10:46:49] [145/594] 2025-11-16: 200
[10:46:59] [146/594] 2025-11-15: 200
[10:47:09] [147/594] 2025-11-14: 200
[10:47:18] [148/594] 2025-11-13: 200
[10:47:28] [149/594] 2025-11-12: 200
[10:47:38] [150/594] 2025-11-11: 200
[10:47:49] [151/594] 2025-11-10: 200
[10:48:00] [152/594] 2025-11-09: 200
[10:48:10] [153/594] 2025-11-08: 200
[10:48:21] [154/594] 2025-11-07: 200
[10:48:31] [155/594] 2025-11-06: 200
[10:48:42] [156/594] 2025-11-05: 200
[10:48:53] [157/594] 2025-11-04: 200
[10:49:09] [158/594] 2025-11-03: 200
[10:49:20] [159/594] 2025-11-02: 200
[10:49:32] [160/594] 2025-11-01: 200
[10:49:43] [161/594] 2025-10-pwcc: 200
[10:49:45] [162/594] 2025-10-pris: 200
[10:49:53] [163/594] 2025-10-31: 200
[10:50:01] [164/594] 2025-10-30: 200
[10:50:09] [165/594] 2025-10-29: 200
[10:50:17] [166/594] 2025-10-28: 200
[10:50:26] [167/594] 2025-10-27: 200
[10:50:35] [168/594] 2025-10-26: 200
[10:50:43] [169/594] 2025-10-25: 200
[10:50:51] [170/594] 2025-10-24: 200
[10:50:59] [171/594] 2025-10-23: 200
[10:51:07] [172/594] 2025-10-22: 200
[10:51:15] [173/594] 2025-10-21: 200
[10:51:24] [174/594] 2025-10-20: 200
[10:51:32] [175/594] 2025-10-19: 200
[10:51:39] [176/594] 2025-10-18: 200
[10:51:47] [177/594] 2025-10-17: 200
[10:51:54] [178/594] 2025-10-16: 200
[10:52:00] [179/594] 2025-10-15: 200
[10:52:07] [180/594] 2025-10-14: 200
[10:52:15] [181/594] 2025-10-13: 200
[10:52:23] [182/594] 2025-10-12: 200
[10:52:30] [183/594] 2025-10-11: 200
[10:52:37] [184/594] 2025-10-10: 200
[10:52:44] [185/594] 2025-10-09: 200
[10:52:51] [186/594] 2025-10-08: 200
[10:52:58] [187/594] 2025-10-07: 200
[10:53:04] [188/594] 2025-10-06: 200
[10:53:13] [189/594] 2025-10-05: 200
[10:53:22] [190/594] 2025-10-04: 200
[10:53:33] [191/594] 2025-10-03: 200
[10:53:40] [192/594] 2025-10-02: 200
[10:53:46] [193/594] 2025-10-01: 200
[10:53:49] [194/594] 2025-09-pwcc: 200
[10:53:51] [195/594] 2025-09-pris: 200
[10:53:57] [196/594] 2025-09-30: 200
[10:54:04] [197/594] 2025-09-29: 200
[10:54:10] [198/594] 2025-09-28: 200
[10:54:15] [199/594] 2025-09-27: 200
[10:54:19] [200/594] 2025-09-26: 200
[10:54:24] [201/594] 2025-09-25: 200
[10:54:29] [202/594] 2025-09-24: 200
[10:54:34] [203/594] 2025-09-23: 200
[10:54:40] [204/594] 2025-09-22: 200
[10:54:46] [205/594] 2025-09-21: 200
[10:54:51] [206/594] 2025-09-20: 200
[10:54:56] [207/594] 2025-09-19: 200
[10:55:01] [208/594] 2025-09-18: 200
[10:55:07] [209/594] 2025-09-17: 200
[10:55:11] [210/594] 2025-09-16: 200
[10:55:16] [211/594] 2025-09-15: 200
[10:55:20] [212/594] 2025-09-14: 200
[10:55:26] [213/594] 2025-09-13: 200
[10:55:31] [214/594] 2025-09-12: 200
[10:55:35] [215/594] 2025-09-11: 200
[10:55:40] [216/594] 2025-09-10: 200
[10:55:44] [217/594] 2025-09-09: 200
[10:55:50] [218/594] 2025-09-08: 200
[10:55:55] [219/594] 2025-09-07: 200
[10:56:00] [220/594] 2025-09-06: 200
[10:56:04] [221/594] 2025-09-05: 200
[10:56:09] [222/594] 2025-09-04: 200
[10:56:13] [223/594] 2025-09-03: 200
[10:56:15] [224/594] 2025-09-02: 200
[10:56:20] [225/594] 2025-09-01: 200
[10:56:23] [226/594] 2025-08-pwcc: 200
[10:56:26] [227/594] 2025-08-pris: 200
[10:56:30] [228/594] 2025-08-31: 200
[10:56:34] [229/594] 2025-08-30: 200
[10:56:39] [230/594] 2025-08-29: 200
[10:56:44] [231/594] 2025-08-28: 200
[10:56:49] [232/594] 2025-08-27: 200
[10:56:54] [233/594] 2025-08-26: 200
[10:56:59] [234/594] 2025-08-25: 200
[10:57:04] [235/594] 2025-08-24: 200
[10:57:08] [236/594] 2025-08-23: 200
[10:57:13] [237/594] 2025-08-22: 200
[10:57:17] [238/594] 2025-08-21: 200
[10:57:22] [239/594] 2025-08-20: 200
[10:57:27] [240/594] 2025-08-19: 200
[10:57:33] [241/594] 2025-08-18: 200
[10:57:38] [242/594] 2025-08-17: 200
[10:57:42] [243/594] 2025-08-16: 200
[10:57:47] [244/594] 2025-08-15: 200
[10:57:52] [245/594] 2025-08-14: 200
[11:02:53] [246/594] 2025-08-13: 504
[11:07:53] [247/594] 2025-08-12: 504
[11:07:58] [248/594] 2025-08-11: 200
[11:08:02] [249/594] 2025-08-10: 200
[11:08:06] [250/594] 2025-08-09: 200
[11:08:11] [251/594] 2025-08-08: 200
[11:08:15] [252/594] 2025-08-07: 200
[11:13:15] [253/594] 2025-08-06: 504
[11:13:19] [254/594] 2025-08-05: 200
[11:13:28] [255/594] 2025-08-04: 200
[11:13:36] [256/594] 2025-08-03: 200
[11:13:42] [257/594] 2025-08-02: 200
[11:13:47] [258/594] 2025-08-01: 200
[11:13:50] [259/594] 2025-07-pwcc: 200
[11:13:52] [260/594] 2025-07-pris: 200
[11:18:52] [261/594] 2025-07-31: 504
[11:18:56] [262/594] 2025-07-30: 200
[11:21:27] [263/594] 2025-07-29: 200
[11:21:33] [264/594] 2025-07-28: 200
[11:21:38] [265/594] 2025-07-27: 200
[11:21:44] [266/594] 2025-07-26: 200
[11:21:49] [267/594] 2025-07-25: 200
[11:21:54] [268/594] 2025-07-24: 200
[11:21:59] [269/594] 2025-07-23: 200
[11:22:04] [270/594] 2025-07-22: 200
[11:22:05] [271/594] 2025-07-21: 200
[11:22:06] [272/594] 2025-07-20: 200
[11:22:07] [273/594] 2025-07-19: 200
[11:22:09] [274/594] 2025-07-18: 200
[11:22:10] [275/594] 2025-07-17: 200
[11:22:11] [276/594] 2025-07-16: 200
[11:22:12] [277/594] 2025-07-15: 200
[11:22:13] [278/594] 2025-07-14: 200
[11:22:15] [279/594] 2025-07-13: 200
[11:22:16] [280/594] 2025-07-12: 200
[11:22:17] [281/594] 2025-07-11: 200
[11:22:18] [282/594] 2025-07-10: 200
[11:22:19] [283/594] 2025-07-09: 200
[11:22:21] [284/594] 2025-07-08: 200
[11:22:22] [285/594] 2025-07-07: 200
[11:22:23] [286/594] 2025-07-06: 200
[11:22:24] [287/594] 2025-07-05: 200
[11:22:25] [288/594] 2025-07-04: 200
[11:22:27] [289/594] 2025-07-03: 200
[11:22:28] [290/594] 2025-07-02: 200
[11:22:29] [291/594] 2025-07-01: 200
[11:22:32] [292/594] 2025-06-pwcc: 200
[11:22:34] [293/594] 2025-06-pris: 200
[11:22:35] [294/594] 2025-06-30: 200
[11:22:37] [295/594] 2025-06-29: 200
[11:22:38] [296/594] 2025-06-28: 200
[11:22:39] [297/594] 2025-06-27: 200
[11:22:40] [298/594] 2025-06-26: 200
[11:22:41] [299/594] 2025-06-25: 200
[11:22:43] [300/594] 2025-06-24: 200
[11:22:44] [301/594] 2025-06-23: 200
[11:22:45] [302/594] 2025-06-22: 200
[11:22:46] [303/594] 2025-06-21: 200
[11:22:47] [304/594] 2025-06-20: 200
[11:22:49] [305/594] 2025-06-19: 200
[11:22:50] [306/594] 2025-06-18: 200
[11:22:51] [307/594] 2025-06-17: 200
[11:22:52] [308/594] 2025-06-16: 200
[11:22:53] [309/594] 2025-06-15: 200
[11:22:55] [310/594] 2025-06-14: 200
[11:22:56] [311/594] 2025-06-13: 200
[11:22:57] [312/594] 2025-06-12: 200
[11:22:58] [313/594] 2025-06-11: 200
[11:22:59] [314/594] 2025-06-10: 200
[11:23:01] [315/594] 2025-06-09: 200
[11:23:02] [316/594] 2025-06-08: 200
[11:23:03] [317/594] 2025-06-07: 200
[11:23:04] [318/594] 2025-06-06: 200
[11:23:05] [319/594] 2025-06-05: 200
[11:23:07] [320/594] 2025-06-04: 200
[11:23:08] [321/594] 2025-06-03: 200
[11:23:09] [322/594] 2025-06-02: 200
[11:23:10] [323/594] 2025-06-01: 200
[11:23:13] [324/594] 2025-05-pwcc: 200
[11:23:15] [325/594] 2025-05-pris: 200
[11:23:16] [326/594] 2025-05-31: 200
[11:23:17] [327/594] 2025-05-30: 200
[11:23:18] [328/594] 2025-05-29: 200
[11:23:19] [329/594] 2025-05-28: 200
[11:23:21] [330/594] 2025-05-27: 200
[11:23:22] [331/594] 2025-05-26: 200
[11:23:23] [332/594] 2025-05-25: 200
[11:23:24] [333/594] 2025-05-24: 200
[11:23:25] [334/594] 2025-05-23: 200
[11:23:27] [335/594] 2025-05-22: 200
[11:23:28] [336/594] 2025-05-21: 200
[11:23:29] [337/594] 2025-05-20: 200
[11:23:30] [338/594] 2025-05-19: 200
[11:23:32] [339/594] 2025-05-18: 200
[11:23:33] [340/594] 2025-05-17: 200
[11:23:34] [341/594] 2025-05-16: 200
[11:23:35] [342/594] 2025-05-15: 200
[11:23:36] [343/594] 2025-05-14: 200
[11:23:38] [344/594] 2025-05-13: 200
[11:23:39] [345/594] 2025-05-12: 200
[11:23:40] [346/594] 2025-05-11: 200
[11:23:41] [347/594] 2025-05-10: 200
[11:23:42] [348/594] 2025-05-09: 200
[11:23:43] [349/594] 2025-05-08: 200
[11:23:45] [350/594] 2025-05-07: 200
[11:23:46] [351/594] 2025-05-06: 200
[11:23:47] [352/594] 2025-05-05: 200
[11:23:48] [353/594] 2025-05-04: 200
[11:23:49] [354/594] 2025-05-02: 200
[11:23:51] [355/594] 2025-05-01: 200
[11:23:53] [356/594] 2025-04-pwcc: 200
[11:23:56] [357/594] 2025-04-pris: 200
[11:23:58] [358/594] 2025-04-30: 200
[11:23:59] [359/594] 2025-04-29: 200
[11:24:00] [360/594] 2025-04-28: 200
[11:24:01] [361/594] 2025-04-27: 200
[11:24:02] [362/594] 2025-04-26: 200
[11:24:04] [363/594] 2025-04-25: 200
[11:24:05] [364/594] 2025-04-24: 200
[11:24:06] [365/594] 2025-04-23: 200
[11:24:07] [366/594] 2025-04-22: 200
[11:24:08] [367/594] 2025-04-21: 200
[11:24:10] [368/594] 2025-04-20: 200
[11:24:11] [369/594] 2025-04-19: 200
[11:24:12] [370/594] 2025-04-18: 200
[11:24:13] [371/594] 2025-04-17: 200
[11:24:14] [372/594] 2025-04-16: 200
[11:24:16] [373/594] 2025-04-15: 200
[11:24:17] [374/594] 2025-04-14: 200
[11:24:18] [375/594] 2025-04-13: 200
[11:24:19] [376/594] 2025-04-12: 200
[11:24:20] [377/594] 2025-04-11: 200
[11:24:21] [378/594] 2025-04-10: 200
[11:24:23] [379/594] 2025-04-09: 200
[11:24:24] [380/594] 2025-04-08: 200
[11:24:25] [381/594] 2025-04-07: 200
[11:24:27] [382/594] 2025-04-06: 200
[11:24:28] [383/594] 2025-04-05: 200
[11:24:29] [384/594] 2025-04-04: 200
[11:24:30] [385/594] 2025-04-03: 200
[11:24:32] [386/594] 2025-04-02: 200
[11:24:33] [387/594] 2025-04-01: 200
[11:24:36] [388/594] 2025-03-pwcc: 200
[11:24:39] [389/594] 2025-03-pris: 200
[11:24:40] [390/594] 2025-03-31: 200
[11:24:42] [391/594] 2025-03-30: 200
[11:24:43] [392/594] 2025-03-29: 200
[11:24:44] [393/594] 2025-03-28: 200
[11:24:45] [394/594] 2025-03-27: 200
[11:24:46] [395/594] 2025-03-26: 200
[11:24:47] [396/594] 2025-03-25: 200
[11:24:49] [397/594] 2025-03-24: 200
[11:24:50] [398/594] 2025-03-23: 200
[11:24:51] [399/594] 2025-03-22: 200
[11:24:52] [400/594] 2025-03-21: 200
[11:24:53] [401/594] 2025-03-20: 200
[11:24:55] [402/594] 2025-03-19: 200
[11:24:56] [403/594] 2025-03-18: 200
[11:24:57] [404/594] 2025-03-17: 200
[11:24:58] [405/594] 2025-03-16: 200
[11:24:59] [406/594] 2025-03-15: 200
[11:25:01] [407/594] 2025-03-14: 200
[11:25:02] [408/594] 2025-03-13: 200
[11:25:03] [409/594] 2025-03-12: 200
[11:25:04] [410/594] 2025-03-11: 200
[11:25:06] [411/594] 2025-03-10: 200
[11:25:07] [412/594] 2025-03-09: 200
[11:25:08] [413/594] 2025-03-08: 200
[11:25:09] [414/594] 2025-03-07: 200
[11:25:11] [415/594] 2025-03-06: 200
[11:25:12] [416/594] 2025-03-05: 200
[11:25:17] [417/594] 2025-03-04: 200
[11:25:22] [418/594] 2025-03-03: 200
[11:25:28] [419/594] 2025-03-02: 200
[11:25:33] [420/594] 2025-03-01: 200
[11:25:35] [421/594] 2025-02-pwcc: 200
[11:25:38] [422/594] 2025-02-pris: 200
[11:25:43] [423/594] 2025-02-28: 200
[11:25:48] [424/594] 2025-02-27: 200
[11:25:49] [425/594] 2025-02-26: 200
[11:25:50] [426/594] 2025-02-25: 200
[11:25:52] [427/594] 2025-02-24: 200
[11:25:53] [428/594] 2025-02-23: 200
[11:25:54] [429/594] 2025-02-22: 200
[11:25:55] [430/594] 2025-02-21: 200
[11:25:56] [431/594] 2025-02-20: 200
[11:25:58] [432/594] 2025-02-19: 200
[11:25:59] [433/594] 2025-02-18: 200
[11:26:00] [434/594] 2025-02-17: 200
[11:26:01] [435/594] 2025-02-16: 200
[11:26:03] [436/594] 2025-02-15: 200
[11:26:04] [437/594] 2025-02-14: 200
[11:26:05] [438/594] 2025-02-13: 200
[11:26:06] [439/594] 2025-02-12: 200
[11:26:07] [440/594] 2025-02-11: 200
[11:26:09] [441/594] 2025-02-10: 200
[11:26:10] [442/594] 2025-02-09: 200
[11:26:11] [443/594] 2025-02-08: 200
[11:26:12] [444/594] 2025-02-07: 200
[11:26:13] [445/594] 2025-02-06: 200
[11:26:15] [446/594] 2025-02-05: 200
[11:26:16] [447/594] 2025-02-04: 200
[11:26:17] [448/594] 2025-02-03: 200
[11:26:18] [449/594] 2025-02-02: 200
[11:26:19] [450/594] 2025-02-01: 200
[11:26:22] [451/594] 2025-01-pwcc: 200
[11:26:25] [452/594] 2025-01-pris: 200
[11:26:26] [453/594] 2025-01-31: 200
[11:26:27] [454/594] 2025-01-30: 200
[11:26:29] [455/594] 2025-01-29: 200
[11:26:30] [456/594] 2025-01-28: 200
[11:26:31] [457/594] 2025-01-27: 200
[11:26:32] [458/594] 2025-01-26: 200
[11:26:33] [459/594] 2025-01-25: 200
[11:26:35] [460/594] 2025-01-24: 200
[11:26:36] [461/594] 2025-01-23: 200
[11:26:37] [462/594] 2025-01-22: 200
[11:26:38] [463/594] 2025-01-21: 200
[11:26:39] [464/594] 2025-01-20: 200
[11:26:41] [465/594] 2025-01-19: 200
[11:26:42] [466/594] 2025-01-18: 200
[11:26:43] [467/594] 2025-01-17: 200
[11:26:44] [468/594] 2025-01-16: 200
[11:26:45] [469/594] 2025-01-15: 200
[11:26:47] [470/594] 2025-01-14: 200
[11:26:48] [471/594] 2025-01-13: 200
[11:26:49] [472/594] 2025-01-12: 200
[11:26:50] [473/594] 2025-01-11: 200
[11:26:52] [474/594] 2025-01-10: 200
[11:26:53] [475/594] 2025-01-09: 200
[11:26:54] [476/594] 2025-01-08: 200
[11:26:55] [477/594] 2025-01-07: 200
[11:26:57] [478/594] 2025-01-06: 200
[11:26:58] [479/594] 2025-01-05: 200
[11:26:59] [480/594] 2025-01-04: 200
[11:27:00] [481/594] 2025-01-03: 200
[11:27:01] [482/594] 2025-01-02: 200
[11:27:02] [483/594] 2025-01-01: 200
[11:27:04] [484/594] 2024-ms: 200
[11:27:06] [485/594] 2024-heritage: 200
[11:27:10] [486/594] 2024-gold: 200
[11:27:13] [487/594] 2024-12-pwcc: 200
[11:27:16] [488/594] 2024-12-pris: 200
[11:27:18] [489/594] 2024-11-pwcc: 200
[11:27:21] [490/594] 2024-11-pris: 200
[11:27:24] [491/594] 2024-10-pwcc: 200
[11:27:27] [492/594] 2024-10-pris: 200
[11:27:30] [493/594] 2024-09-pwcc: 200
[11:27:33] [494/594] 2024-09-pris: 200
[11:27:35] [495/594] 2024-08-pwcc: 200
[11:27:38] [496/594] 2024-08-pris: 200
[11:27:40] [497/594] 2024-07-pwcc: 200
[11:27:43] [498/594] 2024-07-pris: 200
[11:27:45] [499/594] 2024-06-pwcc: 200
[11:27:48] [500/594] 2024-06-pris: 200
[11:27:51] [501/594] 2024-05-pwcc: 200
[11:27:54] [502/594] 2024-05-pris: 200
[11:27:56] [503/594] 2024-04-pwcc: 200
[11:27:59] [504/594] 2024-04-pris: 200
[11:28:01] [505/594] 2024-03-pwcc: 200
[11:28:04] [506/594] 2024-03-pris: 200
[11:28:06] [507/594] 2024-02-pwcc: 200
[11:28:09] [508/594] 2024-02-pris: 200
[11:28:11] [509/594] 2024-01-pwcc: 200
[11:28:14] [510/594] 2024-01-pris: 200
[11:28:15] [511/594] 2023-ms: 200
[11:28:17] [512/594] 2023-heritage: 200
[11:28:24] [513/594] 2023-gold: 200
[11:28:26] [514/594] 2023-12-pwcc: 200
[11:28:29] [515/594] 2023-12-pris: 200
[11:28:31] [516/594] 2023-11-pwcc: 200
[11:28:34] [517/594] 2023-11-pris: 200
[11:28:36] [518/594] 2023-10-pwcc: 200
[11:28:39] [519/594] 2023-10-pris: 200
[11:28:41] [520/594] 2023-09-pwcc: 200
[11:28:44] [521/594] 2023-09-pris: 200
[11:28:46] [522/594] 2023-08-pwcc: 200
[11:28:49] [523/594] 2023-08-pris: 200
[11:28:52] [524/594] 2023-07-pwcc: 200
[11:28:54] [525/594] 2023-07-pris: 200
[11:28:57] [526/594] 2023-06-pwcc: 200
[11:29:00] [527/594] 2023-06-pris: 200
[11:29:02] [528/594] 2023-05-pwcc: 200
[11:29:05] [529/594] 2023-05-pris: 200
[11:29:08] [530/594] 2023-04-pwcc: 200
[11:29:11] [531/594] 2023-04-pris: 200
[11:29:13] [532/594] 2023-03-pwcc: 200
[11:29:16] [533/594] 2023-03-pris: 200
[11:29:18] [534/594] 2023-02-pwcc: 200
[11:29:21] [535/594] 2023-02-pris: 200
[11:29:24] [536/594] 2023-01-pwcc: 200
[11:29:26] [537/594] 2023-01-pris: 200
[11:29:28] [538/594] 2022-ms: 200
[11:29:30] [539/594] 2022-gold: 200
[11:29:33] [540/594] 2022-12-pwcc: 200
[11:29:36] [541/594] 2022-12-pris: 200
[11:29:38] [542/594] 2022-11-pwcc: 200
[11:29:41] [543/594] 2022-11-pris: 200
[11:29:43] [544/594] 2022-10-pwcc: 200
[11:29:46] [545/594] 2022-10-pris: 200
[11:29:48] [546/594] 2022-09-pwcc: 200
[11:29:51] [547/594] 2022-09-pris: 200
[11:29:53] [548/594] 2022-08-pwcc: 200
[11:29:56] [549/594] 2022-08-pris: 200
[11:29:57] [550/594] 2022-07-pwcc: 200
[11:30:00] [551/594] 2022-07-pris: 200
[11:30:02] [552/594] 2022-06-pwcc: 200
[11:30:05] [553/594] 2022-06-pris: 200
[11:30:07] [554/594] 2022-05-pwcc: 200
[11:30:10] [555/594] 2022-05-pris: 200
[11:30:12] [556/594] 2022-04-pwcc: 200
[11:30:15] [557/594] 2022-04-pris: 200
[11:30:16] [558/594] 2022-03-pwcc: 200
[11:30:18] [559/594] 2022-03-pris: 200
[11:30:20] [560/594] 2022-02-pwcc: 200
[11:30:23] [561/594] 2022-02-pris: 200
[11:30:24] [562/594] 2022-01-pwcc: 200
[11:30:26] [563/594] 2022-01-pris: 200
[11:30:27] [564/594] 2021-ms: 200
[11:30:28] [565/594] 2021-gold: 200
[11:30:30] [566/594] 2021-12-pwcc: 200
[11:30:33] [567/594] 2021-12-pris: 200
[11:30:35] [568/594] 2021-11-pwcc: 200
[11:30:36] [569/594] 2021-11-pris: 200
[11:30:38] [570/594] 2021-10-pwcc: 200
[11:30:39] [571/594] 2021-10-pris: 200
[11:30:41] [572/594] 2021-09-pwcc: 200
[11:30:42] [573/594] 2021-08-pwcc: 200
[11:30:44] [574/594] 2021-07-pwcc: 200
[11:30:47] [575/594] 2021-06-pwcc: 200
[11:30:49] [576/594] 2021-05-pwcc: 200
[11:30:51] [577/594] 2021-04-pwcc: 200
[11:30:53] [578/594] 2021-03-pwcc: 200
[11:30:55] [579/594] 2021-02-pwcc: 200
[11:30:57] [580/594] 2021-01-pwcc: 200
[11:31:04] [581/594] 2020-pwcc: 200
[11:31:06] [582/594] 2020-ms: 200
[11:31:08] [583/594] 2019-pwcc: 200
[11:31:10] [584/594] 2018-pwcc: 200
[11:31:11] [585/594] 2017-pwcc: 200
[11:31:12] [586/594] 2016-pwcc: 200
[11:31:13] [587/594] 2015-pwcc: 200
[11:31:14] [588/594] 2014-pwcc: 200
[11:31:16] [589/594] 2013-pwcc: 200
[11:31:17] [590/594] 2012-pwcc: 200
[11:31:18] [591/594] 2011-pwcc: 200
[11:31:19] [592/594] 2010-pwcc: 200
[11:31:20] [593/594] 2009-pwcc: 200
[11:31:22] [594/594] 2008-pwcc: 200

[11:31:22] Done. All 594 indices warmed.
