[20:38:40] [1/594] 2026-ms: SKIPPED
[20:38:40] [2/594] 2026-gold: SKIPPED
[20:38:40] [3/594] 2026-03-pwcc: SKIPPED
[20:38:40] [4/594] 2026-03-pris: SKIPPED
[20:38:40] [5/594] 2026-03-30: SKIPPED
[20:38:40] [6/594] 2026-03-29: SKIPPED
[20:38:40] [7/594] 2026-03-28: SKIPPED
[20:38:40] [8/594] 2026-03-27: SKIPPED
[20:38:40] [9/594] 2026-03-26: SKIPPED
[20:38:40] [10/594] 2026-03-25: SKIPPED
[20:38:40] [11/594] 2026-03-24: [20:40:2[20:43:40] [12/594] 2026-03-23: 504
[20:48:40] [13/594] 2026-03-22: 504
[20:48:42] [14/594] 2026-03-[20:50:2[21:06:41] [15/594] 2026-03-20: 000
[21:06:50] [16/594] 2026-03-19: 200
[21:06:51] [17/594] 2026-03-18: 200
[21:06:53] [18/594] 2026-03-17: 200
[21:06:54] [19/594] 2026-03-16: 200
[21:07:05] [20/594] 2026-03-15: 200
[21:07:06] [21/594] 2026-03-[21:07:08] [23/594] 2026-03-12: 200
[21:07:16] [24/594] 2026-03-11: 200
[21:07:22] [25/594] 2026-03-10: 200
[21:07:30] [26/594] 2026-03-09: 200
[21:07:40] [27/594] 2026-03-08: 200
[21:07:47] [28/594] 2026-03-07: 200
[21:07:55] [29/594] 2026-03-06: 200
[21:08:02] [30/594] 2026-03-05: 200
[21:08:09] [31/594] 2026-03-04: 200
[21:08:16] [32/594] 2026-03-03: 200
[21:08:24] [33/594] 2026-03-02: 200
[21:08:34] [34/594] 2026-03-01: 200
[21:08:38] [35/594] 2026-02-pwcc: 200
[21:08:40] [36/594] 2026-02-pris: 200
[21:08:47] [37/594] 2026-02-28: 200
[21:08:58] [38/594] 2026-02-27: 200
[21:09:09] [39/594] 2026-02-26: 200
[21:09:20] [40/594] 2026-02-25: 200
[21:09:31] [41/594] 2026-02-24: 200
[21:09:39] [42/594] 2026-02-23: 200
[21:09:51] [43/594] 2026-02-22: 200
[21:10:03] [44/594] 2026-02-21: 200
[21:10:14] [45/594] 2026-02-20: 200
[21:10:26] [46/594] 2026-02-19: 200
[21:10:36] [47/594] 2026-02-18: 200
[21:10:46] [48/594] 2026-02-17: 200
[21:10:53] [49/594] 2026-02-16: 200
[21:11:06] [50/594] 2026-02-15: 200
[21:11:17] [51/594] 2026-02-14: 200
[21:11:24] [52/594] 2026-02-13: 200
[21:11:35] [53/594] 2026-02-12: 200
[21:11:45] [54/594] 2026-02-11: 200
[21:11:56] [55/594] 2026-02-10: 200
[21:12:06] [56/594] 2026-02-09: 200
[21:12:18] [57/594] 2026-02-08: 200
[21:12:29] [58/594] 2026-02-07: 200
[21:12:40] [59/594] 2026-02-06: 200
[21:12:52] [60/594] 2026-02-05: 200
[21:13:03] [61/594] 2026-02-04: 200
[21:13:11] [62/594] 2026-02-02: 200
[21:13:24] [63/594] 2026-02-01: 200
[21:13:27] [64/594] 2026-01-pwcc: 200
[21:13:30] [65/594] 2026-01-pris: 200
[21:13:37] [66/594] 2026-01-31: 200
[21:13:44] [67/594] 2026-01-30: 200
[21:13:55] [68/594] 2026-01-29: 200
[21:14:06] [69/594] 2026-01-28: 200
[21:14:16] [70/594] 2026-01-27: 200
[21:14:26] [71/594] 2026-01-26: 200
[21:14:38] [72/594] 2026-01-25: 200
[21:14:49] [73/594] 2026-01-24: 200
[21:15:00] [74/594] 2026-01-23: 200
[21:15:12] [75/594] 2026-01-22: 200
[21:15:18] [76/594] 2026-01-21: 200
[21:15:27] [77/594] 2026-01-20: 200
[21:15:37] [78/594] 2026-01-19: 200
[21:15:49] [79/594] 2026-01-18: 200
[21:16:00] [80/594] 2026-01-17: 200
[21:16:12] [81/594] 2026-01-16: 200
[21:16:23] [82/594] 2026-01-14: 200
[21:16:34] [83/594] 2026-01-13: 200
[21:16:45] [84/594] 2026-01-12: 200
[21:21:45] [85/594] 2026-01-11: 504
[21:21:54] [86/594] 2026-01-10: 200
[21:22:04] [87/594] 2026-01-09: 200
[21:22:15] [88/594] 2026-01-08: 200
[21:23:59] [89/594] 2026-01-06: 200
[21:24:09] [90/594] 2026-01-05: 200
[21:24:20] [91/594] 2026-01-04: 200
[21:24:29] [92/594] 2026-01-03: 200
[21:24:35] [93/594] 2026-01-02: 200
[21:24:44] [94/594] 2026-01-01: 200
[21:24:47] [95/594] 2025-gold: 200
[21:24:50] [96/594] 2025-12-pwcc: 200
[21:24:53] [97/594] 2025-12-pris: 200
[21:25:04] [98/594] 2025-12-31: 200
[21:25:15] [99/594] 2025-12-30: 200
[21:25:29] [100/594] 2025-12-29: 200
[21:25:39] [101/594] 2025-12-28: 200
[21:25:52] [102/594] 2025-12-27: 200
[21:26:05] [103/594] 2025-12-26: 200
[21:26:16] [104/594] 2025-12-25: 200
[21:26:25] [105/594] 2025-12-24: 200
[21:26:32] [106/594] 2025-12-23: 200
[21:26:43] [107/594] 2025-12-22: 200
[21:26:53] [108/594] 2025-12-21: 200
[21:27:45] [109/594] 2025-12-20: 200
[21:27:55] [110/594] 2025-12-19: 200
[21:28:11] [111/594] 2025-12-18: 200
[21:28:19] [112/594] 2025-12-17: 200
[21:28:28] [113/594] 2025-12-16: 200
[21:28:49] [114/594] 2025-12-15: 200
[21:29:06] [115/594] 2025-12-14: 200
[21:29:21] [116/594] 2025-12-13: 200
[21:29:38] [117/594] 2025-12-12: 200
[21:29:49] [118/594] 2025-12-11: 200
[21:30:02] [119/594] 2025-12-10: 200
[21:32:09] [120/594] 2025-12-09: 200
[21:37:09] [121/594] 2025-12-08: 504
[21:40:53] [122/594] 2025-12-07: 200
[21:41:04] [123/594] 2025-12-06: 200
[21:41:17] [124/594] 2025-12-05: 200
[21:41:28] [125/594] 2025-12-04: 200
[21:41:44] [126/594] 2025-12-03: 200
[21:41:54] [127/594] 2025-12-02: 200
[21:42:06] [128/594] 2025-12-01: 200
[21:42:11] [129/594] 2025-11-pwcc: 200
[21:42:13] [130/594] 2025-11-pris: 200
[21:42:29] [131/594] 2025-11-30: 200
[21:42:40] [132/594] 2025-11-29: 200
[21:42:50] [133/594] 2025-11-28: 200
[21:43:00] [134/594] 2025-11-27: 200
[21:43:13] [135/594] 2025-11-26: 200
[21:43:25] [136/594] 2025-11-25: 200
[21:43:36] [137/594] 2025-11-24: 200
[21:43:48] [138/594] 2025-11-23: 200
[21:43:58] [139/594] 2025-11-22: 200
[21:44:30] [140/594] 2025-11-21: 200
[21:44:40] [141/594] 2025-11-20: 200
[21:44:49] [142/594] 2025-11-19: 200
[21:45:01] [143/594] 2025-11-18: 200
[21:45:15] [144/594] 2025-11-17: 200
[21:45:26] [145/594] 2025-11-16: 200
[21:45:37] [146/594] 2025-11-15: 200
[21:45:48] [147/594] 2025-11-14: 200
[21:46:00] [148/594] 2025-11-13: 200
[21:46:10] [149/594] 2025-11-12: 200
[21:46:20] [150/594] 2025-11-11: 200
[21:46:31] [151/594] 2025-11-10: 200
[21:46:43] [152/594] 2025-11-09: 200
[21:46:52] [153/594] 2025-11-08: 200
[21:47:02] [154/594] 2025-11-07: 200
[21:47:12] [155/594] 2025-11-06: 200
[21:47:21] [156/594] 2025-11-05: 200
[21:47:31] [157/594] 2025-11-04: 200
[21:47:42] [158/594] 2025-11-03: 200
[21:47:53] [159/594] 2025-11-02: 200
[21:48:02] [160/594] 2025-11-01: 200
[21:48:11] [161/594] 2025-10-pwcc: 200
[21:48:13] [162/594] 2025-10-pris: 200
[21:48:22] [163/594] 2025-10-31: 200
[21:48:30] [164/594] 2025-10-30: 200
[21:48:40] [165/594] 2025-10-29: 200
[21:48:48] [166/594] 2025-10-28: 200
[21:48:59] [167/594] 2025-10-27: 200
[21:49:11] [168/594] 2025-10-26: 200
[21:49:21] [169/594] 2025-10-25: 200
[21:49:29] [170/594] 2025-10-24: 200
[21:49:38] [171/594] 2025-10-23: 200
[21:49:46] [172/594] 2025-10-22: 200
[21:49:54] [173/594] 2025-10-21: 200
[21:50:05] [174/594] 2025-10-20: 200
[21:50:15] [175/594] 2025-10-19: 200
[21:50:23] [176/594] 2025-10-18: 200
[21:50:30] [177/594] 2025-10-17: 200
[21:50:37] [178/594] 2025-10-16: 200
[21:50:46] [179/594] 2025-10-15: 200
[21:50:53] [180/594] 2025-10-14: 200
[21:51:02] [181/594] 2025-10-13: 200
[21:51:10] [182/594] 2025-10-12: 200
[21:51:19] [183/594] 2025-10-11: 200
[21:51:26] [184/594] 2025-10-10: 200
[21:51:34] [185/594] 2025-10-09: 200
[21:51:41] [186/594] 2025-10-08: 200
[21:51:48] [187/594] 2025-10-07: 200
[21:51:54] [188/594] 2025-10-06: 200
[21:52:03] [189/594] 2025-10-05: 200
[21:52:12] [190/594] 2025-10-04: 200
[21:52:20] [191/594] 2025-10-03: 200
[21:52:27] [192/594] 2025-10-02: 200
[21:52:33] [193/594] 2025-10-01: 200
[21:52:37] [194/594] 2025-09-pwcc: 200
[21:52:39] [195/594] 2025-09-pris: 200
[21:52:45] [196/594] 2025-09-30: 200
[21:52:52] [197/594] 2025-09-29: 200
[21:52:59] [198/594] 2025-09-28: 200
[21:53:03] [199/594] 2025-09-27: 200
[21:53:08] [200/594] 2025-09-26: 200
[21:53:12] [201/594] 2025-09-25: 200
[21:53:18] [202/594] 2025-09-24: 200
[21:53:23] [203/594] 2025-09-23: 200
[21:53:29] [204/594] 2025-09-22: 200
[21:53:35] [205/594] 2025-09-21: 200
[21:53:40] [206/594] 2025-09-20: 200
[21:53:46] [207/594] 2025-09-19: 200
[21:53:51] [208/594] 2025-09-18: 200
[21:53:57] [209/594] 2025-09-17: 200
[21:54:02] [210/594] 2025-09-16: 200
[21:54:07] [211/594] 2025-09-15: 200
[21:54:11] [212/594] 2025-09-14: 200
[21:54:17] [213/594] 2025-09-13: 200
[21:54:22] [214/594] 2025-09-12: 200
[21:54:27] [215/594] 2025-09-11: 200
[21:54:32] [216/594] 2025-09-10: 200
[21:54:36] [217/594] 2025-09-09: 200
[21:54:42] [218/594] 2025-09-08: 200
[21:54:47] [219/594] 2025-09-07: 200
[21:54:52] [220/594] 2025-09-06: 200
[21:54:57] [221/594] 2025-09-05: 200
[21:55:02] [222/594] 2025-09-04: 200
[21:55:06] [223/594] 2025-09-03: 200
[21:55:08] [224/594] 2025-09-02: 200
[21:55:13] [225/594] 2025-09-01: 200
[21:55:16] [226/594] 2025-08-pwcc: 200
[21:55:19] [227/594] 2025-08-pris: 200
[21:55:23] [228/594] 2025-08-31: 200
[21:55:28] [229/594] 2025-08-30: 200
[21:55:33] [230/594] 2025-08-29: 200
[21:55:38] [231/594] 2025-08-28: 200
[21:55:43] [232/594] 2025-08-27: 200
[21:55:48] [233/594] 2025-08-26: 200
[21:55:53] [234/594] 2025-08-25: 200
[21:55:58] [235/594] 2025-08-24: 200
[21:56:02] [236/594] 2025-08-23: 200
[21:56:07] [237/594] 2025-08-22: 200
[21:56:12] [238/594] 2025-08-21: 200
[21:56:17] [239/594] 2025-08-20: 200
[21:56:22] [240/594] 2025-08-19: 200
[21:56:27] [241/594] 2025-08-18: 200
[21:56:33] [242/594] 2025-08-17: 200
[21:56:37] [243/594] 2025-08-16: 200
[21:56:42] [244/594] 2025-08-15: 200
[21:56:48] [245/594] 2025-08-14: 200
[21:56:52] [246/594] 2025-08-13: 200
[21:56:57] [247/594] 2025-08-12: 200
[21:57:02] [248/594] 2025-08-11: 200
[21:57:07] [249/594] 2025-08-10: 200
[21:57:11] [250/594] 2025-08-09: 200
[21:57:16] [251/594] 2025-08-08: 200
[21:57:20] [252/594] 2025-08-07: 200
[21:57:26] [253/594] 2025-08-06: 200
[21:57:29] [254/594] 2025-08-05: 200
[21:57:30] [255/594] 2025-08-04: 200
[21:57:32] [256/594] 2025-08-03: 200
[21:57:33] [257/594] 2025-08-02: 200
[21:57:34] [258/594] 2025-08-01: 200
[21:57:37] [259/594] 2025-07-pwcc: 200
[21:57:39] [260/594] 2025-07-pris: 200
[21:57:45] [261/594] 2025-07-31: 200
[21:57:48] [262/594] 2025-07-30: 200
[21:57:53] [263/594] 2025-07-29: 200
[21:57:58] [264/594] 2025-07-28: 200
[21:58:04] [265/594] 2025-07-27: 200
[21:58:09] [266/594] 2025-07-26: 200
[21:58:14] [267/594] 2025-07-25: 200
[21:58:19] [268/594] 2025-07-24: 200
[21:58:25] [269/594] 2025-07-23: 200
[21:58:30] [270/594] 2025-07-22: 200
[21:58:31] [271/594] 2025-07-21: 200
[21:58:33] [272/594] 2025-07-20: 200
[21:58:34] [273/594] 2025-07-19: 200
[21:58:35] [274/594] 2025-07-18: 200
[21:58:37] [275/594] 2025-07-17: 200
[21:58:38] [276/594] 2025-07-16: 200
[21:58:39] [277/594] 2025-07-15: 200
[21:58:41] [278/594] 2025-07-14: 200
[21:58:42] [279/594] 2025-07-13: 200
[21:58:43] [280/594] 2025-07-12: 200
[21:58:44] [281/594] 2025-07-11: 200
[21:58:46] [282/594] 2025-07-10: 200
[21:58:47] [283/594] 2025-07-09: 200
[21:58:48] [284/594] 2025-07-08: 200
[21:58:50] [285/594] 2025-07-07: 200
[21:58:51] [286/594] 2025-07-06: 200
[21:58:52] [287/594] 2025-07-05: 200
[21:58:54] [288/594] 2025-07-04: 200
[21:58:55] [289/594] 2025-07-03: 200
[21:58:56] [290/594] 2025-07-02: 200
[21:58:58] [291/594] 2025-07-01: 200
[21:59:01] [292/594] 2025-06-pwcc: 200
[21:59:03] [293/594] 2025-06-pris: 200
[21:59:04] [294/594] 2025-06-30: 200
[21:59:05] [295/594] 2025-06-29: 200
[21:59:07] [296/594] 2025-06-28: 200
[21:59:08] [297/594] 2025-06-27: 200
[21:59:09] [298/594] 2025-06-26: 200
[21:59:11] [299/594] 2025-06-25: 200
[21:59:12] [300/594] 2025-06-24: 200
[21:59:13] [301/594] 2025-06-23: 200
[21:59:15] [302/594] 2025-06-22: 200
[21:59:16] [303/594] 2025-06-21: 200
[21:59:17] [304/594] 2025-06-20: 200
[21:59:19] [305/594] 2025-06-19: 200
[21:59:20] [306/594] 2025-06-18: 200
[21:59:21] [307/594] 2025-06-17: 200
[21:59:22] [308/594] 2025-06-16: 200
[21:59:24] [309/594] 2025-06-15: 200
[21:59:25] [310/594] 2025-06-14: 200
[21:59:27] [311/594] 2025-06-13: 200
[21:59:28] [312/594] 2025-06-12: 200
[21:59:29] [313/594] 2025-06-11: 200
[21:59:31] [314/594] 2025-06-10: 200
[21:59:32] [315/594] 2025-06-09: 200
[21:59:33] [316/594] 2025-06-08: 200
[21:59:35] [317/594] 2025-06-07: 200
[21:59:36] [318/594] 2025-06-06: 200
[21:59:37] [319/594] 2025-06-05: 200
[21:59:38] [320/594] 2025-06-04: 200
[21:59:40] [321/594] 2025-06-03: 200
[21:59:41] [322/594] 2025-06-02: 200
[21:59:42] [323/594] 2025-06-01: 200
[21:59:45] [324/594] 2025-05-pwcc: 200
[21:59:47] [325/594] 2025-05-pris: 200
[21:59:48] [326/594] 2025-05-31: 200
[21:59:49] [327/594] 2025-05-30: 200
[21:59:51] [328/594] 2025-05-29: 200
[21:59:52] [329/594] 2025-05-28: 200
[21:59:53] [330/594] 2025-05-27: 200
[21:59:55] [331/594] 2025-05-26: 200
[21:59:56] [332/594] 2025-05-25: 200
[21:59:57] [333/594] 2025-05-24: 200
[21:59:59] [334/594] 2025-05-23: 200
[22:00:00] [335/594] 2025-05-22: 200
[22:00:01] [336/594] 2025-05-21: 200
[22:00:03] [337/594] 2025-05-20: 200
[22:00:04] [338/594] 2025-05-19: 200
[22:00:05] [339/594] 2025-05-18: 200
[22:00:07] [340/594] 2025-05-17: 200
[22:00:08] [341/594] 2025-05-16: 200
[22:00:09] [342/594] 2025-05-15: 200
[22:00:10] [343/594] 2025-05-14: 200
[22:00:12] [344/594] 2025-05-13: 200
[22:00:13] [345/594] 2025-05-12: 200
[22:00:14] [346/594] 2025-05-11: 200
[22:00:15] [347/594] 2025-05-10: 200
[22:00:17] [348/594] 2025-05-09: 200
[22:00:18] [349/594] 2025-05-08: 200
[22:00:20] [350/594] 2025-05-07: 200
[22:00:21] [351/594] 2025-05-06: 200
[22:00:22] [352/594] 2025-05-05: 200
[22:00:24] [353/594] 2025-05-04: 200
[22:00:25] [354/594] 2025-05-02: 200
[22:00:26] [355/594] 2025-05-01: 200
[22:00:29] [356/594] 2025-04-pwcc: 200
[22:00:32] [357/594] 2025-04-pris: 200
[22:00:33] [358/594] 2025-04-30: 200
[22:00:35] [359/594] 2025-04-29: 200
[22:00:36] [360/594] 2025-04-28: 200
[22:00:37] [361/594] 2025-04-27: 200
[22:00:38] [362/594] 2025-04-26: 200
[22:00:40] [363/594] 2025-04-25: 200
[22:00:41] [364/594] 2025-04-24: 200
[22:00:42] [365/594] 2025-04-23: 200
[22:00:44] [366/594] 2025-04-22: 200
[22:00:45] [367/594] 2025-04-21: 200
[22:00:46] [368/594] 2025-04-20: 200
[22:00:48] [369/594] 2025-04-19: 200
[22:00:49] [370/594] 2025-04-18: 200
[22:00:50] [371/594] 2025-04-17: 200
[22:00:52] [372/594] 2025-04-16: 200
[22:00:53] [373/594] 2025-04-15: 200
[22:00:54] [374/594] 2025-04-14: 200
[22:00:56] [375/594] 2025-04-13: 200
[22:00:57] [376/594] 2025-04-12: 200
[22:00:58] [377/594] 2025-04-11: 200
[22:00:59] [378/594] 2025-04-10: 200
[22:01:01] [379/594] 2025-04-09: 200
[22:01:02] [380/594] 2025-04-08: 200
[22:01:03] [381/594] 2025-04-07: 200
[22:01:05] [382/594] 2025-04-06: 200
[22:01:06] [383/594] 2025-04-05: 200
[22:01:07] [384/594] 2025-04-04: 200
[22:01:09] [385/594] 2025-04-03: 200
[22:01:10] [386/594] 2025-04-02: 200
[22:01:11] [387/594] 2025-04-01: 200
[22:01:14] [388/594] 2025-03-pwcc: 200
[22:01:18] [389/594] 2025-03-pris: 200
[22:01:19] [390/594] 2025-03-31: 200
[22:01:20] [391/594] 2025-03-30: 200
[22:01:21] [392/594] 2025-03-29: 200
[22:01:23] [393/594] 2025-03-28: 200
[22:01:24] [394/594] 2025-03-27: 200
[22:01:25] [395/594] 2025-03-26: 200
[22:01:27] [396/594] 2025-03-25: 200
[22:01:28] [397/594] 2025-03-24: 200
[22:01:29] [398/594] 2025-03-23: 200
[22:01:31] [399/594] 2025-03-22: 200
[22:01:32] [400/594] 2025-03-21: 200
[22:01:33] [401/594] 2025-03-20: 200
[22:01:35] [402/594] 2025-03-19: 200
[22:01:36] [403/594] 2025-03-18: 200
[22:01:37] [404/594] 2025-03-17: 200
[22:01:38] [405/594] 2025-03-16: 200
[22:01:40] [406/594] 2025-03-15: 200
[22:01:41] [407/594] 2025-03-14: 200
[22:01:42] [408/594] 2025-03-13: 200
[22:01:43] [409/594] 2025-03-12: 200
[22:01:45] [410/594] 2025-03-11: 200
[22:01:46] [411/594] 2025-03-10: 200
[22:01:47] [412/594] 2025-03-09: 200
[22:01:49] [413/594] 2025-03-08: 200
[22:01:50] [414/594] 2025-03-07: 200
[22:01:51] [415/594] 2025-03-06: 200
[22:01:53] [416/594] 2025-03-05: 200
[22:01:58] [417/594] 2025-03-04: 200
[22:02:03] [418/594] 2025-03-03: 200
[22:02:09] [419/594] 2025-03-02: 200
[22:02:14] [420/594] 2025-03-01: 200
[22:02:17] [421/594] 2025-02-pwcc: 200
[22:02:20] [422/594] 2025-02-pris: 200
[22:02:24] [423/594] 2025-02-28: 200
[22:02:30] [424/594] 2025-02-27: 200
[22:02:31] [425/594] 2025-02-26: 200
[22:02:32] [426/594] 2025-02-25: 200
[22:02:34] [427/594] 2025-02-24: 200
[22:02:35] [428/594] 2025-02-23: 200
[22:02:36] [429/594] 2025-02-22: 200
[22:02:38] [430/594] 2025-02-21: 200
[22:02:39] [431/594] 2025-02-20: 200
[22:02:40] [432/594] 2025-02-19: 200
[22:02:41] [433/594] 2025-02-18: 200
[22:02:43] [434/594] 2025-02-17: 200
[22:02:44] [435/594] 2025-02-16: 200
[22:02:45] [436/594] 2025-02-15: 200
[22:02:47] [437/594] 2025-02-14: 200
[22:02:48] [438/594] 2025-02-13: 200
[22:02:49] [439/594] 2025-02-12: 200
[22:02:51] [440/594] 2025-02-11: 200
[22:02:52] [441/594] 2025-02-10: 200
[22:02:53] [442/594] 2025-02-09: 200
[22:02:55] [443/594] 2025-02-08: 200
[22:02:56] [444/594] 2025-02-07: 200
[22:02:57] [445/594] 2025-02-06: 200
[22:02:58] [446/594] 2025-02-05: 200
[22:03:00] [447/594] 2025-02-04: 200
[22:03:01] [448/594] 2025-02-03: 200
[22:03:02] [449/594] 2025-02-02: 200
[22:03:04] [450/594] 2025-02-01: 200
[22:03:06] [451/594] 2025-01-pwcc: 200
[22:03:09] [452/594] 2025-01-pris: 200
[22:03:10] [453/594] 2025-01-31: 200
[22:03:11] [454/594] 2025-01-30: 200
[22:03:13] [455/594] 2025-01-29: 200
[22:03:14] [456/594] 2025-01-28: 200
[22:03:15] [457/594] 2025-01-27: 200
[22:03:16] [458/594] 2025-01-26: 200
[22:03:18] [459/594] 2025-01-25: 200
[22:03:19] [460/594] 2025-01-24: 200
[22:03:20] [461/594] 2025-01-23: 200
[22:03:21] [462/594] 2025-01-22: 200
[22:03:22] [463/594] 2025-01-21: 200
[22:03:24] [464/594] 2025-01-20: 200
[22:03:25] [465/594] 2025-01-19: 200
[22:03:26] [466/594] 2025-01-18: 200
[22:03:28] [467/594] 2025-01-17: 200
[22:03:29] [468/594] 2025-01-16: 200
[22:03:30] [469/594] 2025-01-15: 200
[22:03:31] [470/594] 2025-01-14: 200
[22:03:33] [471/594] 2025-01-13: 200
[22:03:34] [472/594] 2025-01-12: 200
[22:03:36] [473/594] 2025-01-11: 200
[22:03:37] [474/594] 2025-01-10: 200
[22:03:38] [475/594] 2025-01-09: 200
[22:03:39] [476/594] 2025-01-08: 200
[22:03:41] [477/594] 2025-01-07: 200
[22:03:42] [478/594] 2025-01-06: 200
[22:03:43] [479/594] 2025-01-05: 200
[22:03:45] [480/594] 2025-01-04: 200
[22:03:46] [481/594] 2025-01-03: 200
[22:03:47] [482/594] 2025-01-02: 200
[22:03:49] [483/594] 2025-01-01: 200
[22:03:50] [484/594] 2024-ms: 200
[22:03:52] [485/594] 2024-heritage: 200
[22:03:57] [486/594] 2024-gold: 200
[22:03:59] [487/594] 2024-12-pwcc: 200
[22:04:02] [488/594] 2024-12-pris: 200
[22:04:05] [489/594] 2024-11-pwcc: 200
[22:04:08] [490/594] 2024-11-pris: 200
[22:04:10] [491/594] 2024-10-pwcc: 200
[22:04:14] [492/594] 2024-10-pris: 200
[22:04:16] [493/594] 2024-09-pwcc: 200
[22:04:20] [494/594] 2024-09-pris: 200
[22:04:22] [495/594] 2024-08-pwcc: 200
[22:04:25] [496/594] 2024-08-pris: 200
[22:04:27] [497/594] 2024-07-pwcc: 200
[22:04:30] [498/594] 2024-07-pris: 200
[22:04:33] [499/594] 2024-06-pwcc: 200
[22:04:36] [500/594] 2024-06-pris: 200
[22:04:38] [501/594] 2024-05-pwcc: 200
[22:04:42] [502/594] 2024-05-pris: 200
[22:04:44] [503/594] 2024-04-pwcc: 200
[22:04:47] [504/594] 2024-04-pris: 200
[22:04:49] [505/594] 2024-03-pwcc: 200
[22:04:52] [506/594] 2024-03-pris: 200
[22:04:55] [507/594] 2024-02-pwcc: 200
[22:04:57] [508/594] 2024-02-pris: 200
[22:05:00] [509/594] 2024-01-pwcc: 200
[22:05:03] [510/594] 2024-01-pris: 200
[22:05:04] [511/594] 2023-ms: 200
[22:05:06] [512/594] 2023-heritage: 200
[22:05:13] [513/594] 2023-gold: 200
[22:05:15] [514/594] 2023-12-pwcc: 200
[22:05:18] [515/594] 2023-12-pris: 200
[22:05:20] [516/594] 2023-11-pwcc: 200
[22:05:23] [517/594] 2023-11-pris: 200
[22:05:26] [518/594] 2023-10-pwcc: 200
[22:05:29] [519/594] 2023-10-pris: 200
[22:05:31] [520/594] 2023-09-pwcc: 200
[22:05:34] [521/594] 2023-09-pris: 200
[22:05:36] [522/594] 2023-08-pwcc: 200
[22:05:39] [523/594] 2023-08-pris: 200
[22:05:42] [524/594] 2023-07-pwcc: 200
[22:05:45] [525/594] 2023-07-pris: 200
[22:05:47] [526/594] 2023-06-pwcc: 200
[22:05:50] [527/594] 2023-06-pris: 200
[22:05:53] [528/594] 2023-05-pwcc: 200
[22:05:56] [529/594] 2023-05-pris: 200
[22:05:58] [530/594] 2023-04-pwcc: 200
[22:06:01] [531/594] 2023-04-pris: 200
[22:06:04] [532/594] 2023-03-pwcc: 200
[22:06:07] [533/594] 2023-03-pris: 200
[22:06:10] [534/594] 2023-02-pwcc: 200
[22:06:12] [535/594] 2023-02-pris: 200
[22:06:15] [536/594] 2023-01-pwcc: 200
[22:06:18] [537/594] 2023-01-pris: 200
[22:06:19] [538/594] 2022-ms: 200
[22:06:22] [539/594] 2022-gold: 200
[22:06:24] [540/594] 2022-12-pwcc: 200
[22:06:28] [541/594] 2022-12-pris: 200
[22:06:30] [542/594] 2022-11-pwcc: 200
[22:06:33] [543/594] 2022-11-pris: 200
[22:06:35] [544/594] 2022-10-pwcc: 200
[22:06:38] [545/594] 2022-10-pris: 200
[22:06:40] [546/594] 2022-09-pwcc: 200
[22:06:43] [547/594] 2022-09-pris: 200
[22:06:45] [548/594] 2022-08-pwcc: 200
[22:06:48] [549/594] 2022-08-pris: 200
[22:06:50] [550/594] 2022-07-pwcc: 200
[22:06:53] [551/594] 2022-07-pris: 200
[22:06:55] [552/594] 2022-06-pwcc: 200
[22:06:58] [553/594] 2022-06-pris: 200
[22:07:00] [554/594] 2022-05-pwcc: 200
[22:07:03] [555/594] 2022-05-pris: 200
[22:07:05] [556/594] 2022-04-pwcc: 200
[22:07:08] [557/594] 2022-04-pris: 200
[22:07:10] [558/594] 2022-03-pwcc: 200
[22:07:12] [559/594] 2022-03-pris: 200
[22:07:14] [560/594] 2022-02-pwcc: 200
[22:07:17] [561/594] 2022-02-pris: 200
[22:07:18] [562/594] 2022-01-pwcc: 200
[22:07:20] [563/594] 2022-01-pris: 200
[22:07:21] [564/594] 2021-ms: 200
[22:07:23] [565/594] 2021-gold: 200
[22:07:24] [566/594] 2021-12-pwcc: 200
[22:07:27] [567/594] 2021-12-pris: 200
[22:07:29] [568/594] 2021-11-pwcc: 200
[22:07:30] [569/594] 2021-11-pris: 200
[22:07:33] [570/594] 2021-10-pwcc: 200
[22:07:34] [571/594] 2021-10-pris: 200
[22:07:36] [572/594] 2021-09-pwcc: 200
[22:07:37] [573/594] 2021-08-pwcc: 200
[22:12:37] [574/594] 2021-07-pwcc: 504
[22:12:40] [575/594] 2021-06-pwcc: 200
[22:12:42] [576/594] 2021-05-pwcc: 200
[22:17:42] [577/594] 2021-04-pwcc: 504
[22:22:36] [578/594] 2021-03-pwcc: 200
[22:22:40] [579/594] 2021-02-pwcc: 200
[22:22:41] [580/594] 2021-01-pwcc: 200
[22:22:49] [581/594] 2020-pwcc: 200
[22:22:50] [582/594] 2020-ms: 200
[22:22:53] [583/594] 2019-pwcc: 200
[22:22:54] [584/594] 2018-pwcc: 200
[22:22:55] [585/594] 2017-pwcc: 200
[22:22:57] [586/594] 2016-pwcc: 200
[22:22:58] [587/594] 2015-pwcc: 200
[22:22:59] [588/594] 2014-pwcc: 200
[22:23:01] [589/594] 2013-pwcc: 200
[22:23:02] [590/594] 2012-pwcc: 200
[22:23:03] [591/594] 2011-pwcc: 200
[22:23:04] [592/594] 2010-pwcc: 200
[22:23:06] [593/594] 2009-pwcc: 200
[22:23:07] [594/594] 2008-pwcc: 200

[22:23:07] Done. All 594 indices warmed.
0

[22:23:07] Done. All 594 indices warmed.
